mode: set
github.com/EO-DataHub/eodhp-workspace-services/main.go:7.13,9.2 1 0
github.com/EO-DataHub/eodhp-workspace-services/internal/aws/aws.go:16.55,18.16 2 0
github.com/EO-DataHub/eodhp-workspace-services/internal/aws/aws.go:18.16,20.3 1 0
github.com/EO-DataHub/eodhp-workspace-services/internal/aws/aws.go:21.2,21.17 1 0
github.com/EO-DataHub/eodhp-workspace-services/internal/aws/aws.go:25.69,27.2 1 0
github.com/EO-DataHub/eodhp-workspace-services/internal/aws/aws.go:30.49,32.2 1 0
github.com/EO-DataHub/eodhp-workspace-services/internal/aws/aws.go:35.47,37.2 1 0
github.com/EO-DataHub/eodhp-workspace-services/internal/aws/aws.go:40.45,42.2 1 0
github.com/EO-DataHub/eodhp-workspace-services/internal/aws/aws.go:45.95,46.20 1 0
github.com/EO-DataHub/eodhp-workspace-services/internal/aws/aws.go:46.20,48.3 1 0
github.com/EO-DataHub/eodhp-workspace-services/internal/aws/aws.go:49.2,49.51 1 0
github.com/EO-DataHub/eodhp-workspace-services/internal/aws/aws.go:49.51,52.3 2 0
github.com/EO-DataHub/eodhp-workspace-services/internal/appconfig/appconfig.go:95.47,96.16 1 0
github.com/EO-DataHub/eodhp-workspace-services/internal/appconfig/appconfig.go:96.16,100.3 3 0
github.com/EO-DataHub/eodhp-workspace-services/internal/appconfig/appconfig.go:103.2,104.16 2 0
github.com/EO-DataHub/eodhp-workspace-services/internal/appconfig/appconfig.go:104.16,107.3 2 0
github.com/EO-DataHub/eodhp-workspace-services/internal/appconfig/appconfig.go:110.2,115.16 4 0
github.com/EO-DataHub/eodhp-workspace-services/internal/appconfig/appconfig.go:115.16,118.3 2 0
github.com/EO-DataHub/eodhp-workspace-services/internal/appconfig/appconfig.go:121.2,122.61 2 0
github.com/EO-DataHub/eodhp-workspace-services/internal/appconfig/appconfig.go:122.61,125.3 2 0
github.com/EO-DataHub/eodhp-workspace-services/internal/appconfig/appconfig.go:127.2,127.21 1 0
github.com/EO-DataHub/eodhp-workspace-services/internal/appconfig/appconfig.go:131.38,133.35 2 0
github.com/EO-DataHub/eodhp-workspace-services/internal/appconfig/appconfig.go:133.35,135.19 2 0
github.com/EO-DataHub/eodhp-workspace-services/internal/appconfig/appconfig.go:135.19,137.4 1 0
github.com/EO-DataHub/eodhp-workspace-services/internal/appconfig/appconfig.go:139.2,139.16 1 0
github.com/EO-DataHub/eodhp-workspace-services/internal/authn/utils.go:23.51,28.16 3 0
github.com/EO-DataHub/eodhp-workspace-services/internal/authn/utils.go:28.16,30.3 1 0
github.com/EO-DataHub/eodhp-workspace-services/internal/authn/utils.go:33.2,33.33 1 0
github.com/EO-DataHub/eodhp-workspace-services/internal/authn/utils.go:33.33,35.3 1 0
github.com/EO-DataHub/eodhp-workspace-services/internal/authn/utils.go:38.2,38.20 1 0
github.com/EO-DataHub/eodhp-workspace-services/internal/authn/utils.go:42.38,45.16 3 0
github.com/EO-DataHub/eodhp-workspace-services/internal/authn/utils.go:45.16,47.3 1 0
github.com/EO-DataHub/eodhp-workspace-services/internal/authn/utils.go:48.2,48.50 1 0
github.com/EO-DataHub/eodhp-workspace-services/db/accounts.go:16.88,19.16 3 0
github.com/EO-DataHub/eodhp-workspace-services/db/accounts.go:19.16,21.3 1 0
github.com/EO-DataHub/eodhp-workspace-services/db/accounts.go:22.2,25.18 3 0
github.com/EO-DataHub/eodhp-workspace-services/db/accounts.go:25.18,34.28 2 0
github.com/EO-DataHub/eodhp-workspace-services/db/accounts.go:34.28,36.4 1 0
github.com/EO-DataHub/eodhp-workspace-services/db/accounts.go:39.3,40.17 2 0
github.com/EO-DataHub/eodhp-workspace-services/db/accounts.go:40.17,42.4 1 0
github.com/EO-DataHub/eodhp-workspace-services/db/accounts.go:43.3,44.34 2 0
github.com/EO-DataHub/eodhp-workspace-services/db/accounts.go:46.2,46.22 1 0
github.com/EO-DataHub/eodhp-workspace-services/db/accounts.go:50.86,62.41 4 0
github.com/EO-DataHub/eodhp-workspace-services/db/accounts.go:62.41,63.27 1 0
github.com/EO-DataHub/eodhp-workspace-services/db/accounts.go:63.27,66.4 1 0
github.com/EO-DataHub/eodhp-workspace-services/db/accounts.go:68.3,68.61 1 0
github.com/EO-DataHub/eodhp-workspace-services/db/accounts.go:71.2,72.16 2 0
github.com/EO-DataHub/eodhp-workspace-services/db/accounts.go:72.16,74.3 1 0
github.com/EO-DataHub/eodhp-workspace-services/db/accounts.go:75.2,77.17 2 0
github.com/EO-DataHub/eodhp-workspace-services/db/accounts.go:82.93,85.16 2 0
github.com/EO-DataHub/eodhp-workspace-services/db/accounts.go:85.16,87.3 1 0
github.com/EO-DataHub/eodhp-workspace-services/db/accounts.go:89.2,97.16 4 0
github.com/EO-DataHub/eodhp-workspace-services/db/accounts.go:97.16,99.3 1 0
github.com/EO-DataHub/eodhp-workspace-services/db/accounts.go:102.2,102.48 1 0
github.com/EO-DataHub/eodhp-workspace-services/db/accounts.go:102.48,104.3 1 0
github.com/EO-DataHub/eodhp-workspace-services/db/accounts.go:106.2,115.22 2 0
github.com/EO-DataHub/eodhp-workspace-services/db/accounts.go:119.117,122.16 2 0
github.com/EO-DataHub/eodhp-workspace-services/db/accounts.go:122.16,124.3 1 0
github.com/EO-DataHub/eodhp-workspace-services/db/accounts.go:127.2,131.16 2 0
github.com/EO-DataHub/eodhp-workspace-services/db/accounts.go:131.16,135.3 3 0
github.com/EO-DataHub/eodhp-workspace-services/db/accounts.go:138.2,138.48 1 0
github.com/EO-DataHub/eodhp-workspace-services/db/accounts.go:138.48,140.3 1 0
github.com/EO-DataHub/eodhp-workspace-services/db/accounts.go:143.2,146.22 3 0
github.com/EO-DataHub/eodhp-workspace-services/db/accounts.go:150.64,152.16 2 0
github.com/EO-DataHub/eodhp-workspace-services/db/accounts.go:152.16,154.3 1 0
github.com/EO-DataHub/eodhp-workspace-services/db/accounts.go:157.2,157.15 1 0
github.com/EO-DataHub/eodhp-workspace-services/db/accounts.go:157.15,158.17 1 0
github.com/EO-DataHub/eodhp-workspace-services/db/accounts.go:158.17,160.4 1 0
github.com/EO-DataHub/eodhp-workspace-services/db/accounts.go:164.2,165.16 2 0
github.com/EO-DataHub/eodhp-workspace-services/db/accounts.go:165.16,167.3 1 0
github.com/EO-DataHub/eodhp-workspace-services/db/accounts.go:170.2,170.48 1 0
github.com/EO-DataHub/eodhp-workspace-services/db/accounts.go:170.48,172.3 1 0
github.com/EO-DataHub/eodhp-workspace-services/db/accounts.go:174.2,174.12 1 0
github.com/EO-DataHub/eodhp-workspace-services/db/accounts.go:178.106,181.16 2 0
github.com/EO-DataHub/eodhp-workspace-services/db/accounts.go:181.16,183.3 1 0
github.com/EO-DataHub/eodhp-workspace-services/db/accounts.go:186.2,188.16 2 0
github.com/EO-DataHub/eodhp-workspace-services/db/accounts.go:188.16,190.3 1 0
github.com/EO-DataHub/eodhp-workspace-services/db/accounts.go:192.2,192.24 1 0
github.com/EO-DataHub/eodhp-workspace-services/db/accounts.go:196.82,200.16 4 0
github.com/EO-DataHub/eodhp-workspace-services/db/accounts.go:200.16,202.3 1 0
github.com/EO-DataHub/eodhp-workspace-services/db/accounts.go:203.2,203.20 1 0
github.com/EO-DataHub/eodhp-workspace-services/db/accounts.go:206.87,212.16 2 0
github.com/EO-DataHub/eodhp-workspace-services/db/accounts.go:212.16,214.3 1 0
github.com/EO-DataHub/eodhp-workspace-services/db/accounts.go:217.2,220.16 2 0
github.com/EO-DataHub/eodhp-workspace-services/db/accounts.go:220.16,222.3 1 0
github.com/EO-DataHub/eodhp-workspace-services/db/accounts.go:225.2,225.38 1 0
github.com/EO-DataHub/eodhp-workspace-services/db/accounts.go:225.38,227.3 1 0
github.com/EO-DataHub/eodhp-workspace-services/db/accounts.go:230.2,230.19 1 0
github.com/EO-DataHub/eodhp-workspace-services/db/accounts.go:234.87,237.16 2 0
github.com/EO-DataHub/eodhp-workspace-services/db/accounts.go:237.16,239.3 1 0
github.com/EO-DataHub/eodhp-workspace-services/db/accounts.go:241.2,242.16 2 0
github.com/EO-DataHub/eodhp-workspace-services/db/accounts.go:242.16,244.3 1 0
github.com/EO-DataHub/eodhp-workspace-services/db/accounts.go:247.2,253.16 3 0
github.com/EO-DataHub/eodhp-workspace-services/db/accounts.go:253.16,255.3 1 0
github.com/EO-DataHub/eodhp-workspace-services/db/accounts.go:258.2,258.48 1 0
github.com/EO-DataHub/eodhp-workspace-services/db/accounts.go:258.48,260.3 1 0
github.com/EO-DataHub/eodhp-workspace-services/db/accounts.go:262.2,262.19 1 0
github.com/EO-DataHub/eodhp-workspace-services/db/accounts.go:266.75,272.16 5 0
github.com/EO-DataHub/eodhp-workspace-services/db/accounts.go:272.16,274.3 1 0
github.com/EO-DataHub/eodhp-workspace-services/db/accounts.go:277.2,277.33 1 0
github.com/EO-DataHub/eodhp-workspace-services/db/accounts.go:277.33,279.3 1 0
github.com/EO-DataHub/eodhp-workspace-services/db/accounts.go:281.2,281.23 1 0
github.com/EO-DataHub/eodhp-workspace-services/db/accounts.go:285.82,288.16 2 0
github.com/EO-DataHub/eodhp-workspace-services/db/accounts.go:288.16,290.3 1 0
github.com/EO-DataHub/eodhp-workspace-services/db/accounts.go:293.2,294.16 2 0
github.com/EO-DataHub/eodhp-workspace-services/db/accounts.go:294.16,298.3 3 0
github.com/EO-DataHub/eodhp-workspace-services/db/accounts.go:301.2,302.16 2 0
github.com/EO-DataHub/eodhp-workspace-services/db/accounts.go:302.16,305.3 2 0
github.com/EO-DataHub/eodhp-workspace-services/db/accounts.go:307.2,307.48 1 0
github.com/EO-DataHub/eodhp-workspace-services/db/accounts.go:307.48,309.3 1 0
github.com/EO-DataHub/eodhp-workspace-services/db/accounts.go:311.2,311.12 1 0
github.com/EO-DataHub/eodhp-workspace-services/db/db.go:55.74,58.19 2 0
github.com/EO-DataHub/eodhp-workspace-services/db/db.go:58.19,61.3 2 0
github.com/EO-DataHub/eodhp-workspace-services/db/db.go:64.2,65.16 2 0
github.com/EO-DataHub/eodhp-workspace-services/db/db.go:65.16,68.3 2 0
github.com/EO-DataHub/eodhp-workspace-services/db/db.go:70.2,74.16 4 0
github.com/EO-DataHub/eodhp-workspace-services/db/db.go:74.16,77.3 2 0
github.com/EO-DataHub/eodhp-workspace-services/db/db.go:79.2,82.8 1 0
github.com/EO-DataHub/eodhp-workspace-services/db/db.go:86.37,88.2 1 0
github.com/EO-DataHub/eodhp-workspace-services/db/db.go:91.39,96.48 3 0
github.com/EO-DataHub/eodhp-workspace-services/db/db.go:96.48,99.3 2 0
github.com/EO-DataHub/eodhp-workspace-services/db/db.go:101.2,101.53 1 0
github.com/EO-DataHub/eodhp-workspace-services/db/db.go:101.53,104.3 2 0
github.com/EO-DataHub/eodhp-workspace-services/db/db.go:106.2,107.12 2 0
github.com/EO-DataHub/eodhp-workspace-services/db/db.go:111.86,113.17 1 0
github.com/EO-DataHub/eodhp-workspace-services/db/db.go:113.17,115.3 1 0
github.com/EO-DataHub/eodhp-workspace-services/db/db.go:117.2,118.16 2 0
github.com/EO-DataHub/eodhp-workspace-services/db/db.go:118.16,120.3 1 0
github.com/EO-DataHub/eodhp-workspace-services/db/db.go:121.2,121.12 1 0
github.com/EO-DataHub/eodhp-workspace-services/db/db.go:125.59,126.36 1 0
github.com/EO-DataHub/eodhp-workspace-services/db/db.go:126.36,128.3 1 0
github.com/EO-DataHub/eodhp-workspace-services/db/db.go:129.2,129.12 1 0
github.com/EO-DataHub/eodhp-workspace-services/db/workspaces.go:15.99,34.16 3 0
github.com/EO-DataHub/eodhp-workspace-services/db/workspaces.go:34.16,36.3 1 0
github.com/EO-DataHub/eodhp-workspace-services/db/workspaces.go:37.2,40.17 3 0
github.com/EO-DataHub/eodhp-workspace-services/db/workspaces.go:40.17,41.106 1 0
github.com/EO-DataHub/eodhp-workspace-services/db/workspaces.go:41.106,43.4 1 0
github.com/EO-DataHub/eodhp-workspace-services/db/workspaces.go:44.8,46.3 1 0
github.com/EO-DataHub/eodhp-workspace-services/db/workspaces.go:49.2,51.16 3 0
github.com/EO-DataHub/eodhp-workspace-services/db/workspaces.go:51.16,53.3 1 0
github.com/EO-DataHub/eodhp-workspace-services/db/workspaces.go:55.2,55.38 1 0
github.com/EO-DataHub/eodhp-workspace-services/db/workspaces.go:59.105,63.16 2 0
github.com/EO-DataHub/eodhp-workspace-services/db/workspaces.go:63.16,65.3 1 0
github.com/EO-DataHub/eodhp-workspace-services/db/workspaces.go:67.2,69.16 2 0
github.com/EO-DataHub/eodhp-workspace-services/db/workspaces.go:69.16,71.3 1 0
github.com/EO-DataHub/eodhp-workspace-services/db/workspaces.go:73.2,73.24 1 0
github.com/EO-DataHub/eodhp-workspace-services/db/workspaces.go:77.100,81.16 2 0
github.com/EO-DataHub/eodhp-workspace-services/db/workspaces.go:81.16,83.3 1 0
github.com/EO-DataHub/eodhp-workspace-services/db/workspaces.go:85.2,87.16 2 0
github.com/EO-DataHub/eodhp-workspace-services/db/workspaces.go:87.16,89.3 1 0
github.com/EO-DataHub/eodhp-workspace-services/db/workspaces.go:91.2,91.24 1 0
github.com/EO-DataHub/eodhp-workspace-services/db/workspaces.go:95.61,101.16 3 0
github.com/EO-DataHub/eodhp-workspace-services/db/workspaces.go:101.16,103.3 1 0
github.com/EO-DataHub/eodhp-workspace-services/db/workspaces.go:104.2,109.18 3 0
github.com/EO-DataHub/eodhp-workspace-services/db/workspaces.go:109.18,111.42 2 0
github.com/EO-DataHub/eodhp-workspace-services/db/workspaces.go:111.42,113.4 1 0
github.com/EO-DataHub/eodhp-workspace-services/db/workspaces.go:114.3,114.48 1 0
github.com/EO-DataHub/eodhp-workspace-services/db/workspaces.go:117.2,117.28 1 0
github.com/EO-DataHub/eodhp-workspace-services/db/workspaces.go:121.91,123.16 2 0
github.com/EO-DataHub/eodhp-workspace-services/db/workspaces.go:123.16,125.3 1 0
github.com/EO-DataHub/eodhp-workspace-services/db/workspaces.go:128.2,134.16 3 0
github.com/EO-DataHub/eodhp-workspace-services/db/workspaces.go:134.16,136.3 1 0
github.com/EO-DataHub/eodhp-workspace-services/db/workspaces.go:139.2,139.23 1 0
github.com/EO-DataHub/eodhp-workspace-services/db/workspaces.go:139.23,140.37 1 0
github.com/EO-DataHub/eodhp-workspace-services/db/workspaces.go:140.37,143.40 1 0
github.com/EO-DataHub/eodhp-workspace-services/db/workspaces.go:143.40,151.19 3 0
github.com/EO-DataHub/eodhp-workspace-services/db/workspaces.go:151.19,154.6 2 0
github.com/EO-DataHub/eodhp-workspace-services/db/workspaces.go:157.5,161.19 2 0
github.com/EO-DataHub/eodhp-workspace-services/db/workspaces.go:161.19,164.6 2 0
github.com/EO-DataHub/eodhp-workspace-services/db/workspaces.go:168.4,168.38 1 0
github.com/EO-DataHub/eodhp-workspace-services/db/workspaces.go:168.38,176.19 3 0
github.com/EO-DataHub/eodhp-workspace-services/db/workspaces.go:176.19,179.6 2 0
github.com/EO-DataHub/eodhp-workspace-services/db/workspaces.go:182.5,186.19 2 0
github.com/EO-DataHub/eodhp-workspace-services/db/workspaces.go:186.19,189.6 2 0
github.com/EO-DataHub/eodhp-workspace-services/db/workspaces.go:194.2,194.16 1 0
github.com/EO-DataHub/eodhp-workspace-services/db/workspaces.go:198.126,201.16 2 0
github.com/EO-DataHub/eodhp-workspace-services/db/workspaces.go:201.16,203.3 1 0
github.com/EO-DataHub/eodhp-workspace-services/db/workspaces.go:205.2,207.16 2 0
github.com/EO-DataHub/eodhp-workspace-services/db/workspaces.go:207.16,209.3 1 0
github.com/EO-DataHub/eodhp-workspace-services/db/workspaces.go:212.2,212.28 1 0
github.com/EO-DataHub/eodhp-workspace-services/db/workspaces.go:212.28,220.3 1 0
github.com/EO-DataHub/eodhp-workspace-services/db/workspaces.go:222.2,222.24 1 0
github.com/EO-DataHub/eodhp-workspace-services/db/workspaces.go:227.108,246.16 3 0
github.com/EO-DataHub/eodhp-workspace-services/db/workspaces.go:246.16,248.3 1 0
github.com/EO-DataHub/eodhp-workspace-services/db/workspaces.go:249.2,252.18 3 0
github.com/EO-DataHub/eodhp-workspace-services/db/workspaces.go:252.18,254.106 2 0
github.com/EO-DataHub/eodhp-workspace-services/db/workspaces.go:254.106,256.4 1 0
github.com/EO-DataHub/eodhp-workspace-services/db/workspaces.go:257.3,257.38 1 0
github.com/EO-DataHub/eodhp-workspace-services/db/workspaces.go:259.2,259.24 1 0
github.com/EO-DataHub/eodhp-workspace-services/db/workspaces.go:263.108,282.16 3 0
github.com/EO-DataHub/eodhp-workspace-services/db/workspaces.go:282.16,284.3 1 0
github.com/EO-DataHub/eodhp-workspace-services/db/workspaces.go:285.2,288.18 3 0
github.com/EO-DataHub/eodhp-workspace-services/db/workspaces.go:288.18,290.106 2 0
github.com/EO-DataHub/eodhp-workspace-services/db/workspaces.go:290.106,292.4 1 0
github.com/EO-DataHub/eodhp-workspace-services/db/workspaces.go:293.3,293.38 1 0
github.com/EO-DataHub/eodhp-workspace-services/db/workspaces.go:295.2,295.24 1 0
github.com/EO-DataHub/eodhp-workspace-services/db/workspaces.go:299.106,318.16 3 0
github.com/EO-DataHub/eodhp-workspace-services/db/workspaces.go:318.16,320.3 1 0
github.com/EO-DataHub/eodhp-workspace-services/db/workspaces.go:321.2,324.18 3 0
github.com/EO-DataHub/eodhp-workspace-services/db/workspaces.go:324.18,326.106 2 0
github.com/EO-DataHub/eodhp-workspace-services/db/workspaces.go:326.106,328.4 1 0
github.com/EO-DataHub/eodhp-workspace-services/db/workspaces.go:329.3,329.38 1 0
github.com/EO-DataHub/eodhp-workspace-services/db/workspaces.go:331.2,331.24 1 0
github.com/EO-DataHub/eodhp-workspace-services/db/workspaces.go:335.129,343.16 4 0
github.com/EO-DataHub/eodhp-workspace-services/db/workspaces.go:343.16,345.3 1 0
github.com/EO-DataHub/eodhp-workspace-services/db/workspaces.go:346.2,349.18 3 0
github.com/EO-DataHub/eodhp-workspace-services/db/workspaces.go:349.18,352.107 3 0
github.com/EO-DataHub/eodhp-workspace-services/db/workspaces.go:352.107,354.4 1 0
github.com/EO-DataHub/eodhp-workspace-services/db/workspaces.go:355.3,355.66 1 0
github.com/EO-DataHub/eodhp-workspace-services/db/workspaces.go:357.2,357.25 1 0
github.com/EO-DataHub/eodhp-workspace-services/db/workspaces.go:361.131,369.16 4 0
github.com/EO-DataHub/eodhp-workspace-services/db/workspaces.go:369.16,371.3 1 0
github.com/EO-DataHub/eodhp-workspace-services/db/workspaces.go:372.2,376.18 3 0
github.com/EO-DataHub/eodhp-workspace-services/db/workspaces.go:376.18,382.132 4 0
github.com/EO-DataHub/eodhp-workspace-services/db/workspaces.go:382.132,384.4 1 0
github.com/EO-DataHub/eodhp-workspace-services/db/workspaces.go:387.3,388.36 2 0
github.com/EO-DataHub/eodhp-workspace-services/db/workspaces.go:388.36,390.22 2 0
github.com/EO-DataHub/eodhp-workspace-services/db/workspaces.go:390.22,392.5 1 0
github.com/EO-DataHub/eodhp-workspace-services/db/workspaces.go:393.4,393.13 1 0
github.com/EO-DataHub/eodhp-workspace-services/db/workspaces.go:395.3,399.68 3 0
github.com/EO-DataHub/eodhp-workspace-services/db/workspaces.go:401.2,401.26 1 0
github.com/EO-DataHub/eodhp-workspace-services/db/workspaces.go:405.72,409.16 4 0
github.com/EO-DataHub/eodhp-workspace-services/db/workspaces.go:409.16,411.3 1 0
github.com/EO-DataHub/eodhp-workspace-services/db/workspaces.go:412.2,412.20 1 0
github.com/EO-DataHub/eodhp-workspace-services/db/workspaces.go:416.81,418.32 2 0
github.com/EO-DataHub/eodhp-workspace-services/db/workspaces.go:418.32,420.3 1 0
github.com/EO-DataHub/eodhp-workspace-services/db/workspaces.go:421.2,421.12 1 0
github.com/EO-DataHub/eodhp-workspace-services/db/workspaces.go:424.86,427.16 2 0
github.com/EO-DataHub/eodhp-workspace-services/db/workspaces.go:427.16,429.3 1 0
github.com/EO-DataHub/eodhp-workspace-services/db/workspaces.go:432.2,434.16 3 0
github.com/EO-DataHub/eodhp-workspace-services/db/workspaces.go:434.16,437.3 2 0
github.com/EO-DataHub/eodhp-workspace-services/db/workspaces.go:440.2,440.50 1 0
github.com/EO-DataHub/eodhp-workspace-services/db/workspaces.go:440.50,444.49 1 0
github.com/EO-DataHub/eodhp-workspace-services/db/workspaces.go:444.49,450.12 2 0
github.com/EO-DataHub/eodhp-workspace-services/db/workspaces.go:453.3,461.17 2 0
github.com/EO-DataHub/eodhp-workspace-services/db/workspaces.go:461.17,464.4 2 0
github.com/EO-DataHub/eodhp-workspace-services/db/workspaces.go:468.2,468.47 1 0
github.com/EO-DataHub/eodhp-workspace-services/db/workspaces.go:468.47,482.17 3 0
github.com/EO-DataHub/eodhp-workspace-services/db/workspaces.go:482.17,485.4 2 0
github.com/EO-DataHub/eodhp-workspace-services/db/workspaces.go:490.2,495.16 2 0
github.com/EO-DataHub/eodhp-workspace-services/db/workspaces.go:495.16,498.3 2 0
github.com/EO-DataHub/eodhp-workspace-services/db/workspaces.go:501.2,502.16 2 0
github.com/EO-DataHub/eodhp-workspace-services/db/workspaces.go:502.16,505.3 2 0
github.com/EO-DataHub/eodhp-workspace-services/db/workspaces.go:507.2,507.12 1 0
github.com/EO-DataHub/eodhp-workspace-services/db/workspaces.go:510.68,512.16 2 0
github.com/EO-DataHub/eodhp-workspace-services/db/workspaces.go:512.16,514.3 1 0
github.com/EO-DataHub/eodhp-workspace-services/db/workspaces.go:517.2,519.16 3 0
github.com/EO-DataHub/eodhp-workspace-services/db/workspaces.go:519.16,522.3 2 0
github.com/EO-DataHub/eodhp-workspace-services/db/workspaces.go:525.2,527.16 2 0
github.com/EO-DataHub/eodhp-workspace-services/db/workspaces.go:527.16,530.3 2 0
github.com/EO-DataHub/eodhp-workspace-services/db/workspaces.go:532.2,534.16 2 0
github.com/EO-DataHub/eodhp-workspace-services/db/workspaces.go:534.16,537.3 2 0
github.com/EO-DataHub/eodhp-workspace-services/db/workspaces.go:539.2,540.16 2 0
github.com/EO-DataHub/eodhp-workspace-services/db/workspaces.go:540.16,543.3 2 0
github.com/EO-DataHub/eodhp-workspace-services/db/workspaces.go:546.2,547.16 2 0
github.com/EO-DataHub/eodhp-workspace-services/db/workspaces.go:547.16,550.3 2 0
github.com/EO-DataHub/eodhp-workspace-services/db/workspaces.go:552.2,552.36 1 0
github.com/EO-DataHub/eodhp-workspace-services/db/workspaces.go:552.36,555.3 2 0
github.com/EO-DataHub/eodhp-workspace-services/db/workspaces.go:557.2,557.12 1 0
github.com/EO-DataHub/eodhp-workspace-services/internal/events/consumer.go:16.86,18.16 2 0
github.com/EO-DataHub/eodhp-workspace-services/internal/events/consumer.go:18.16,20.3 1 0
github.com/EO-DataHub/eodhp-workspace-services/internal/events/consumer.go:22.2,31.16 2 0
github.com/EO-DataHub/eodhp-workspace-services/internal/events/consumer.go:31.16,34.3 2 0
github.com/EO-DataHub/eodhp-workspace-services/internal/events/consumer.go:36.2,36.64 1 0
github.com/EO-DataHub/eodhp-workspace-services/internal/events/consumer.go:40.85,42.16 2 0
github.com/EO-DataHub/eodhp-workspace-services/internal/events/consumer.go:42.16,44.3 1 0
github.com/EO-DataHub/eodhp-workspace-services/internal/events/consumer.go:45.2,45.17 1 0
github.com/EO-DataHub/eodhp-workspace-services/internal/events/consumer.go:49.49,51.2 1 0
github.com/EO-DataHub/eodhp-workspace-services/internal/events/consumer.go:54.50,56.2 1 0
github.com/EO-DataHub/eodhp-workspace-services/internal/events/consumer.go:59.33,62.2 2 0
github.com/EO-DataHub/eodhp-workspace-services/internal/events/publisher.go:29.74,33.16 2 0
github.com/EO-DataHub/eodhp-workspace-services/internal/events/publisher.go:33.16,35.3 1 0
github.com/EO-DataHub/eodhp-workspace-services/internal/events/publisher.go:37.2,40.16 2 0
github.com/EO-DataHub/eodhp-workspace-services/internal/events/publisher.go:40.16,43.3 2 0
github.com/EO-DataHub/eodhp-workspace-services/internal/events/publisher.go:45.2,49.8 2 0
github.com/EO-DataHub/eodhp-workspace-services/internal/events/publisher.go:53.76,55.16 2 0
github.com/EO-DataHub/eodhp-workspace-services/internal/events/publisher.go:55.16,58.3 2 0
github.com/EO-DataHub/eodhp-workspace-services/internal/events/publisher.go:60.2,60.53 1 0
github.com/EO-DataHub/eodhp-workspace-services/internal/events/publisher.go:60.53,64.17 2 0
github.com/EO-DataHub/eodhp-workspace-services/internal/events/publisher.go:64.17,66.4 1 0
github.com/EO-DataHub/eodhp-workspace-services/internal/events/publisher.go:67.3,70.27 2 0
github.com/EO-DataHub/eodhp-workspace-services/internal/events/publisher.go:70.27,72.4 1 0
github.com/EO-DataHub/eodhp-workspace-services/internal/events/publisher.go:74.2,75.85 2 0
github.com/EO-DataHub/eodhp-workspace-services/internal/events/publisher.go:80.34,84.2 3 0
github.com/EO-DataHub/eodhp-workspace-services/docs/docs.go:1566.13,1568.2 1 0
github.com/EO-DataHub/eodhp-workspace-services/cmd/consume.go:19.47,26.17 3 0
github.com/EO-DataHub/eodhp-workspace-services/cmd/consume.go:26.17,28.4 1 0
github.com/EO-DataHub/eodhp-workspace-services/cmd/consume.go:29.3,32.7 2 0
github.com/EO-DataHub/eodhp-workspace-services/cmd/consume.go:32.7,36.18 3 0
github.com/EO-DataHub/eodhp-workspace-services/cmd/consume.go:36.18,38.13 2 0
github.com/EO-DataHub/eodhp-workspace-services/cmd/consume.go:41.4,46.18 4 0
github.com/EO-DataHub/eodhp-workspace-services/cmd/consume.go:46.18,48.13 2 0
github.com/EO-DataHub/eodhp-workspace-services/cmd/consume.go:51.4,51.43 1 0
github.com/EO-DataHub/eodhp-workspace-services/cmd/consume.go:51.43,53.19 2 0
github.com/EO-DataHub/eodhp-workspace-services/cmd/consume.go:53.19,58.14 3 0
github.com/EO-DataHub/eodhp-workspace-services/cmd/consume.go:60.5,60.22 1 0
github.com/EO-DataHub/eodhp-workspace-services/cmd/consume.go:64.4,66.18 2 0
github.com/EO-DataHub/eodhp-workspace-services/cmd/consume.go:66.18,71.13 3 0
github.com/EO-DataHub/eodhp-workspace-services/cmd/consume.go:75.4,75.68 1 0
github.com/EO-DataHub/eodhp-workspace-services/cmd/consume.go:75.68,78.40 1 0
github.com/EO-DataHub/eodhp-workspace-services/cmd/consume.go:78.40,81.20 2 0
github.com/EO-DataHub/eodhp-workspace-services/cmd/consume.go:81.20,86.15 3 0
github.com/EO-DataHub/eodhp-workspace-services/cmd/consume.go:89.11,92.20 2 0
github.com/EO-DataHub/eodhp-workspace-services/cmd/consume.go:92.20,97.15 3 0
github.com/EO-DataHub/eodhp-workspace-services/cmd/consume.go:102.5,102.22 1 0
github.com/EO-DataHub/eodhp-workspace-services/cmd/consume.go:104.10,109.5 2 0
github.com/EO-DataHub/eodhp-workspace-services/cmd/consume.go:116.65,120.16 2 0
github.com/EO-DataHub/eodhp-workspace-services/cmd/consume.go:120.16,123.3 2 0
github.com/EO-DataHub/eodhp-workspace-services/cmd/consume.go:126.2,127.16 2 0
github.com/EO-DataHub/eodhp-workspace-services/cmd/consume.go:127.16,130.3 2 0
github.com/EO-DataHub/eodhp-workspace-services/cmd/consume.go:132.2,133.16 2 0
github.com/EO-DataHub/eodhp-workspace-services/cmd/consume.go:133.16,136.3 2 0
github.com/EO-DataHub/eodhp-workspace-services/cmd/consume.go:139.2,143.16 2 0
github.com/EO-DataHub/eodhp-workspace-services/cmd/consume.go:143.16,146.3 2 0
github.com/EO-DataHub/eodhp-workspace-services/cmd/consume.go:148.2,148.12 1 0
github.com/EO-DataHub/eodhp-workspace-services/cmd/consume.go:151.13,153.2 1 0
github.com/EO-DataHub/eodhp-workspace-services/cmd/migrate.go:17.47,24.17 4 0
github.com/EO-DataHub/eodhp-workspace-services/cmd/migrate.go:24.17,26.4 1 0
github.com/EO-DataHub/eodhp-workspace-services/cmd/migrate.go:28.3,29.17 2 0
github.com/EO-DataHub/eodhp-workspace-services/cmd/migrate.go:29.17,32.4 2 0
github.com/EO-DataHub/eodhp-workspace-services/cmd/migrate.go:34.3,35.17 2 0
github.com/EO-DataHub/eodhp-workspace-services/cmd/migrate.go:35.17,38.4 2 0
github.com/EO-DataHub/eodhp-workspace-services/cmd/migrate.go:41.3,45.47 3 0
github.com/EO-DataHub/eodhp-workspace-services/cmd/migrate.go:45.47,47.4 1 0
github.com/EO-DataHub/eodhp-workspace-services/cmd/migrate.go:49.3,49.40 1 0
github.com/EO-DataHub/eodhp-workspace-services/cmd/migrate.go:53.13,55.2 1 0
github.com/EO-DataHub/eodhp-workspace-services/cmd/reconcile.go:13.47,20.17 3 0
github.com/EO-DataHub/eodhp-workspace-services/cmd/reconcile.go:20.17,22.4 1 0
github.com/EO-DataHub/eodhp-workspace-services/cmd/reconcile.go:23.3,27.17 3 0
github.com/EO-DataHub/eodhp-workspace-services/cmd/reconcile.go:27.17,29.4 1 0
github.com/EO-DataHub/eodhp-workspace-services/cmd/reconcile.go:31.3,34.44 2 0
github.com/EO-DataHub/eodhp-workspace-services/cmd/reconcile.go:34.44,54.18 4 0
github.com/EO-DataHub/eodhp-workspace-services/cmd/reconcile.go:54.18,56.5 1 0
github.com/EO-DataHub/eodhp-workspace-services/cmd/reconcile.go:56.10,58.5 1 0
github.com/EO-DataHub/eodhp-workspace-services/cmd/reconcile.go:61.3,61.60 1 0
github.com/EO-DataHub/eodhp-workspace-services/cmd/reconcile.go:65.13,67.2 1 0
github.com/EO-DataHub/eodhp-workspace-services/cmd/root.go:38.16,39.42 1 0
github.com/EO-DataHub/eodhp-workspace-services/cmd/root.go:39.42,42.3 2 0
github.com/EO-DataHub/eodhp-workspace-services/cmd/root.go:45.13,49.2 2 0
github.com/EO-DataHub/eodhp-workspace-services/cmd/root.go:51.20,58.16 4 0
github.com/EO-DataHub/eodhp-workspace-services/cmd/root.go:58.16,60.3 1 0
github.com/EO-DataHub/eodhp-workspace-services/cmd/root.go:63.2,64.16 2 0
github.com/EO-DataHub/eodhp-workspace-services/cmd/root.go:64.16,67.3 2 0
github.com/EO-DataHub/eodhp-workspace-services/cmd/root.go:70.2,74.16 3 0
github.com/EO-DataHub/eodhp-workspace-services/cmd/root.go:74.16,76.3 1 0
github.com/EO-DataHub/eodhp-workspace-services/cmd/root.go:78.2,78.66 1 0
github.com/EO-DataHub/eodhp-workspace-services/cmd/root.go:82.33,85.16 2 0
github.com/EO-DataHub/eodhp-workspace-services/cmd/root.go:85.16,88.3 2 0
github.com/EO-DataHub/eodhp-workspace-services/cmd/root.go:90.2,91.16 2 0
github.com/EO-DataHub/eodhp-workspace-services/cmd/root.go:91.16,94.3 2 0
github.com/EO-DataHub/eodhp-workspace-services/cmd/root.go:96.2,96.12 1 0
github.com/EO-DataHub/eodhp-workspace-services/cmd/root.go:100.88,107.2 3 0
github.com/EO-DataHub/eodhp-workspace-services/cmd/root.go:109.31,110.43 1 0
github.com/EO-DataHub/eodhp-workspace-services/cmd/root.go:110.43,112.3 1 0
github.com/EO-DataHub/eodhp-workspace-services/cmd/root.go:114.2,114.32 1 0
github.com/EO-DataHub/eodhp-workspace-services/cmd/root.go:115.15,116.45 1 0
github.com/EO-DataHub/eodhp-workspace-services/cmd/root.go:117.14,118.44 1 0
github.com/EO-DataHub/eodhp-workspace-services/cmd/root.go:119.14,120.44 1 0
github.com/EO-DataHub/eodhp-workspace-services/cmd/root.go:121.15,122.45 1 0
github.com/EO-DataHub/eodhp-workspace-services/cmd/root.go:123.15,124.45 1 0
github.com/EO-DataHub/eodhp-workspace-services/cmd/root.go:125.15,126.45 1 0
github.com/EO-DataHub/eodhp-workspace-services/cmd/root.go:127.10,128.44 1 0
github.com/EO-DataHub/eodhp-workspace-services/cmd/root.go:132.2,133.56 2 0
github.com/EO-DataHub/eodhp-workspace-services/cmd/serve.go:34.47,41.17 3 0
github.com/EO-DataHub/eodhp-workspace-services/cmd/serve.go:41.17,43.4 1 0
github.com/EO-DataHub/eodhp-workspace-services/cmd/serve.go:44.3,48.17 3 0
github.com/EO-DataHub/eodhp-workspace-services/cmd/serve.go:48.17,50.4 1 0
github.com/EO-DataHub/eodhp-workspace-services/cmd/serve.go:53.3,141.23 44 0
github.com/EO-DataHub/eodhp-workspace-services/cmd/serve.go:141.23,155.4 7 0
github.com/EO-DataHub/eodhp-workspace-services/cmd/serve.go:155.9,157.4 1 0
github.com/EO-DataHub/eodhp-workspace-services/cmd/serve.go:160.3,166.19 4 0
github.com/EO-DataHub/eodhp-workspace-services/cmd/serve.go:166.19,169.4 1 0
github.com/EO-DataHub/eodhp-workspace-services/cmd/serve.go:170.3,170.76 1 0
github.com/EO-DataHub/eodhp-workspace-services/cmd/serve.go:174.13,179.2 3 0
github.com/EO-DataHub/eodhp-workspace-services/cmd/serve.go:181.58,186.66 3 0
github.com/EO-DataHub/eodhp-workspace-services/cmd/serve.go:186.66,189.17 2 0
github.com/EO-DataHub/eodhp-workspace-services/cmd/serve.go:189.17,191.4 1 0
github.com/EO-DataHub/eodhp-workspace-services/cmd/serve.go:192.8,195.17 2 0
github.com/EO-DataHub/eodhp-workspace-services/cmd/serve.go:195.17,197.4 1 0
github.com/EO-DataHub/eodhp-workspace-services/cmd/serve.go:201.2,202.16 2 0
github.com/EO-DataHub/eodhp-workspace-services/cmd/serve.go:202.16,204.3 1 0
github.com/EO-DataHub/eodhp-workspace-services/cmd/serve.go:206.2,206.23 1 0
github.com/EO-DataHub/eodhp-workspace-services/api/middleware/mw.go:21.52,23.48 1 1
github.com/EO-DataHub/eodhp-workspace-services/api/middleware/mw.go:23.48,29.24 3 1
github.com/EO-DataHub/eodhp-workspace-services/api/middleware/mw.go:29.24,34.5 3 0
github.com/EO-DataHub/eodhp-workspace-services/api/middleware/mw.go:37.4,38.27 2 1
github.com/EO-DataHub/eodhp-workspace-services/api/middleware/mw.go:38.27,42.5 3 0
github.com/EO-DataHub/eodhp-workspace-services/api/middleware/mw.go:45.4,47.18 2 1
github.com/EO-DataHub/eodhp-workspace-services/api/middleware/mw.go:47.18,51.5 3 1
github.com/EO-DataHub/eodhp-workspace-services/api/middleware/mw.go:54.4,57.41 3 0
github.com/EO-DataHub/eodhp-workspace-services/api/middleware/mw.go:63.64,65.48 1 1
github.com/EO-DataHub/eodhp-workspace-services/api/middleware/mw.go:65.48,71.11 3 1
github.com/EO-DataHub/eodhp-workspace-services/api/middleware/mw.go:71.11,75.5 3 0
github.com/EO-DataHub/eodhp-workspace-services/api/middleware/mw.go:78.4,78.30 1 1
github.com/EO-DataHub/eodhp-workspace-services/api/middleware/mw.go:78.30,82.5 3 1
github.com/EO-DataHub/eodhp-workspace-services/api/middleware/mw.go:85.4,85.24 1 0
github.com/EO-DataHub/eodhp-workspace-services/api/middleware/mw.go:91.49,93.48 1 0
github.com/EO-DataHub/eodhp-workspace-services/api/middleware/mw.go:93.48,105.4 3 0
github.com/EO-DataHub/eodhp-workspace-services/api/services/accounts.go:42.96,48.9 3 1
github.com/EO-DataHub/eodhp-workspace-services/api/services/accounts.go:48.9,52.3 3 0
github.com/EO-DataHub/eodhp-workspace-services/api/services/accounts.go:55.2,56.72 2 1
github.com/EO-DataHub/eodhp-workspace-services/api/services/accounts.go:56.72,60.3 3 0
github.com/EO-DataHub/eodhp-workspace-services/api/services/accounts.go:63.2,63.53 1 1
github.com/EO-DataHub/eodhp-workspace-services/api/services/accounts.go:63.53,65.3 1 1
github.com/EO-DataHub/eodhp-workspace-services/api/services/accounts.go:68.2,69.16 2 1
github.com/EO-DataHub/eodhp-workspace-services/api/services/accounts.go:69.16,73.3 3 0
github.com/EO-DataHub/eodhp-workspace-services/api/services/accounts.go:75.2,76.16 2 1
github.com/EO-DataHub/eodhp-workspace-services/api/services/accounts.go:76.16,80.3 3 0
github.com/EO-DataHub/eodhp-workspace-services/api/services/accounts.go:82.2,84.16 2 1
github.com/EO-DataHub/eodhp-workspace-services/api/services/accounts.go:84.16,88.3 3 0
github.com/EO-DataHub/eodhp-workspace-services/api/services/accounts.go:90.2,94.58 3 1
github.com/EO-DataHub/eodhp-workspace-services/api/services/accounts.go:99.94,105.9 3 1
github.com/EO-DataHub/eodhp-workspace-services/api/services/accounts.go:105.9,109.3 3 0
github.com/EO-DataHub/eodhp-workspace-services/api/services/accounts.go:112.2,114.16 2 1
github.com/EO-DataHub/eodhp-workspace-services/api/services/accounts.go:114.16,118.3 3 0
github.com/EO-DataHub/eodhp-workspace-services/api/services/accounts.go:121.2,121.21 1 1
github.com/EO-DataHub/eodhp-workspace-services/api/services/accounts.go:121.21,123.3 1 0
github.com/EO-DataHub/eodhp-workspace-services/api/services/accounts.go:125.2,125.43 1 1
github.com/EO-DataHub/eodhp-workspace-services/api/services/accounts.go:130.93,136.9 3 1
github.com/EO-DataHub/eodhp-workspace-services/api/services/accounts.go:136.9,140.3 3 0
github.com/EO-DataHub/eodhp-workspace-services/api/services/accounts.go:143.2,144.16 2 1
github.com/EO-DataHub/eodhp-workspace-services/api/services/accounts.go:144.16,148.3 3 0
github.com/EO-DataHub/eodhp-workspace-services/api/services/accounts.go:151.2,153.16 2 1
github.com/EO-DataHub/eodhp-workspace-services/api/services/accounts.go:153.16,157.3 3 0
github.com/EO-DataHub/eodhp-workspace-services/api/services/accounts.go:160.2,160.20 1 1
github.com/EO-DataHub/eodhp-workspace-services/api/services/accounts.go:160.20,164.3 3 0
github.com/EO-DataHub/eodhp-workspace-services/api/services/accounts.go:167.2,167.45 1 1
github.com/EO-DataHub/eodhp-workspace-services/api/services/accounts.go:167.45,171.3 3 0
github.com/EO-DataHub/eodhp-workspace-services/api/services/accounts.go:173.2,173.43 1 1
github.com/EO-DataHub/eodhp-workspace-services/api/services/accounts.go:178.96,185.16 3 0
github.com/EO-DataHub/eodhp-workspace-services/api/services/accounts.go:185.16,189.3 3 0
github.com/EO-DataHub/eodhp-workspace-services/api/services/accounts.go:192.2,193.71 2 0
github.com/EO-DataHub/eodhp-workspace-services/api/services/accounts.go:193.71,197.3 3 0
github.com/EO-DataHub/eodhp-workspace-services/api/services/accounts.go:200.2,201.16 2 0
github.com/EO-DataHub/eodhp-workspace-services/api/services/accounts.go:201.16,205.3 3 0
github.com/EO-DataHub/eodhp-workspace-services/api/services/accounts.go:207.2,208.50 2 0
github.com/EO-DataHub/eodhp-workspace-services/api/services/accounts.go:213.96,218.16 3 1
github.com/EO-DataHub/eodhp-workspace-services/api/services/accounts.go:218.16,222.3 3 0
github.com/EO-DataHub/eodhp-workspace-services/api/services/accounts.go:225.2,227.16 2 1
github.com/EO-DataHub/eodhp-workspace-services/api/services/accounts.go:227.16,231.3 3 0
github.com/EO-DataHub/eodhp-workspace-services/api/services/accounts.go:233.2,234.45 2 1
github.com/EO-DataHub/eodhp-workspace-services/api/services/accounts.go:238.127,245.17 4 0
github.com/EO-DataHub/eodhp-workspace-services/api/services/accounts.go:245.17,249.3 3 0
github.com/EO-DataHub/eodhp-workspace-services/api/services/accounts.go:252.2,253.16 2 0
github.com/EO-DataHub/eodhp-workspace-services/api/services/accounts.go:253.16,257.3 3 0
github.com/EO-DataHub/eodhp-workspace-services/api/services/accounts.go:260.2,261.16 2 0
github.com/EO-DataHub/eodhp-workspace-services/api/services/accounts.go:261.16,265.3 3 0
github.com/EO-DataHub/eodhp-workspace-services/api/services/accounts.go:268.2,269.16 2 0
github.com/EO-DataHub/eodhp-workspace-services/api/services/accounts.go:269.16,273.3 3 0
github.com/EO-DataHub/eodhp-workspace-services/api/services/accounts.go:276.2,277.16 2 0
github.com/EO-DataHub/eodhp-workspace-services/api/services/accounts.go:277.16,281.3 3 0
github.com/EO-DataHub/eodhp-workspace-services/api/services/accounts.go:284.2,284.91 1 0
github.com/EO-DataHub/eodhp-workspace-services/api/services/accounts.go:284.91,288.3 3 0
github.com/EO-DataHub/eodhp-workspace-services/api/services/accounts.go:291.2,291.30 1 0
github.com/EO-DataHub/eodhp-workspace-services/api/services/accounts.go:292.29,294.17 2 0
github.com/EO-DataHub/eodhp-workspace-services/api/services/accounts.go:294.17,298.4 3 0
github.com/EO-DataHub/eodhp-workspace-services/api/services/accounts.go:299.3,299.107 1 0
github.com/EO-DataHub/eodhp-workspace-services/api/services/accounts.go:300.27,302.17 2 0
github.com/EO-DataHub/eodhp-workspace-services/api/services/accounts.go:302.17,306.4 3 0
github.com/EO-DataHub/eodhp-workspace-services/api/services/accounts.go:307.3,307.101 1 0
github.com/EO-DataHub/eodhp-workspace-services/api/services/accounts.go:310.2,310.91 1 0
github.com/EO-DataHub/eodhp-workspace-services/api/services/accounts.go:314.109,340.2 5 1
github.com/EO-DataHub/eodhp-workspace-services/api/services/accounts.go:343.114,376.2 3 0
github.com/EO-DataHub/eodhp-workspace-services/api/services/accounts.go:379.112,403.2 3 0
github.com/EO-DataHub/eodhp-workspace-services/api/services/accounts.go:406.83,432.16 5 1
github.com/EO-DataHub/eodhp-workspace-services/api/services/accounts.go:432.16,434.3 1 0
github.com/EO-DataHub/eodhp-workspace-services/api/services/accounts.go:435.2,435.12 1 1
github.com/EO-DataHub/eodhp-workspace-services/api/services/block_nginx_client.go:34.111,36.19 2 1
github.com/EO-DataHub/eodhp-workspace-services/api/services/block_nginx_client.go:36.19,38.3 1 1
github.com/EO-DataHub/eodhp-workspace-services/api/services/block_nginx_client.go:40.2,41.16 2 1
github.com/EO-DataHub/eodhp-workspace-services/api/services/block_nginx_client.go:41.16,43.3 1 1
github.com/EO-DataHub/eodhp-workspace-services/api/services/block_nginx_client.go:44.2,44.46 1 1
github.com/EO-DataHub/eodhp-workspace-services/api/services/block_nginx_client.go:44.46,46.3 1 1
github.com/EO-DataHub/eodhp-workspace-services/api/services/block_nginx_client.go:48.2,48.18 1 1
github.com/EO-DataHub/eodhp-workspace-services/api/services/block_nginx_client.go:48.18,50.3 1 1
github.com/EO-DataHub/eodhp-workspace-services/api/services/block_nginx_client.go:52.2,56.8 1 1
github.com/EO-DataHub/eodhp-workspace-services/api/services/block_nginx_client.go:60.104,64.16 3 1
github.com/EO-DataHub/eodhp-workspace-services/api/services/block_nginx_client.go:64.16,66.3 1 0
github.com/EO-DataHub/eodhp-workspace-services/api/services/block_nginx_client.go:68.2,69.16 2 1
github.com/EO-DataHub/eodhp-workspace-services/api/services/block_nginx_client.go:69.16,71.3 1 0
github.com/EO-DataHub/eodhp-workspace-services/api/services/block_nginx_client.go:73.2,74.16 2 1
github.com/EO-DataHub/eodhp-workspace-services/api/services/block_nginx_client.go:74.16,76.3 1 0
github.com/EO-DataHub/eodhp-workspace-services/api/services/block_nginx_client.go:77.2,79.44 2 1
github.com/EO-DataHub/eodhp-workspace-services/api/services/block_nginx_client.go:79.44,82.3 1 1
github.com/EO-DataHub/eodhp-workspace-services/api/services/block_nginx_client.go:83.2,83.38 1 1
github.com/EO-DataHub/eodhp-workspace-services/api/services/block_nginx_client.go:83.38,85.3 1 1
github.com/EO-DataHub/eodhp-workspace-services/api/services/block_nginx_client.go:87.2,88.68 2 1
github.com/EO-DataHub/eodhp-workspace-services/api/services/block_nginx_client.go:88.68,90.3 1 0
github.com/EO-DataHub/eodhp-workspace-services/api/services/block_nginx_client.go:92.2,93.32 2 1
github.com/EO-DataHub/eodhp-workspace-services/api/services/block_nginx_client.go:93.32,94.49 1 1
github.com/EO-DataHub/eodhp-workspace-services/api/services/block_nginx_client.go:94.49,95.12 1 1
github.com/EO-DataHub/eodhp-workspace-services/api/services/block_nginx_client.go:97.3,97.54 1 1
github.com/EO-DataHub/eodhp-workspace-services/api/services/block_nginx_client.go:97.54,103.12 2 1
github.com/EO-DataHub/eodhp-workspace-services/api/services/block_nginx_client.go:105.3,110.5 1 1
github.com/EO-DataHub/eodhp-workspace-services/api/services/block_nginx_client.go:114.2,114.22 1 1
github.com/EO-DataHub/eodhp-workspace-services/api/services/block_nginx_client.go:124.21,125.51 1 1
github.com/EO-DataHub/eodhp-workspace-services/api/services/block_nginx_client.go:125.51,127.3 1 0
github.com/EO-DataHub/eodhp-workspace-services/api/services/block_nginx_client.go:129.2,130.16 2 1
github.com/EO-DataHub/eodhp-workspace-services/api/services/block_nginx_client.go:130.16,132.3 1 0
github.com/EO-DataHub/eodhp-workspace-services/api/services/block_nginx_client.go:134.2,135.16 2 1
github.com/EO-DataHub/eodhp-workspace-services/api/services/block_nginx_client.go:135.16,137.3 1 0
github.com/EO-DataHub/eodhp-workspace-services/api/services/block_nginx_client.go:138.2,138.23 1 1
github.com/EO-DataHub/eodhp-workspace-services/api/services/block_nginx_client.go:138.23,140.3 1 1
github.com/EO-DataHub/eodhp-workspace-services/api/services/block_nginx_client.go:141.2,144.16 3 1
github.com/EO-DataHub/eodhp-workspace-services/api/services/block_nginx_client.go:144.16,146.3 1 0
github.com/EO-DataHub/eodhp-workspace-services/api/services/block_nginx_client.go:147.2,149.25 2 1
github.com/EO-DataHub/eodhp-workspace-services/api/services/block_nginx_client.go:150.63,154.9 1 1
github.com/EO-DataHub/eodhp-workspace-services/api/services/block_nginx_client.go:155.10,156.87 1 1
github.com/EO-DataHub/eodhp-workspace-services/api/services/block_nginx_client.go:161.103,162.51 1 1
github.com/EO-DataHub/eodhp-workspace-services/api/services/block_nginx_client.go:162.51,164.3 1 0
github.com/EO-DataHub/eodhp-workspace-services/api/services/block_nginx_client.go:166.2,167.16 2 1
github.com/EO-DataHub/eodhp-workspace-services/api/services/block_nginx_client.go:167.16,169.3 1 0
github.com/EO-DataHub/eodhp-workspace-services/api/services/block_nginx_client.go:171.2,172.16 2 1
github.com/EO-DataHub/eodhp-workspace-services/api/services/block_nginx_client.go:172.16,174.3 1 0
github.com/EO-DataHub/eodhp-workspace-services/api/services/block_nginx_client.go:176.2,177.16 2 1
github.com/EO-DataHub/eodhp-workspace-services/api/services/block_nginx_client.go:177.16,179.3 1 0
github.com/EO-DataHub/eodhp-workspace-services/api/services/block_nginx_client.go:180.2,182.25 2 1
github.com/EO-DataHub/eodhp-workspace-services/api/services/block_nginx_client.go:183.43,184.13 1 1
github.com/EO-DataHub/eodhp-workspace-services/api/services/block_nginx_client.go:185.27,186.38 1 1
github.com/EO-DataHub/eodhp-workspace-services/api/services/block_nginx_client.go:187.10,188.75 1 0
github.com/EO-DataHub/eodhp-workspace-services/api/services/block_nginx_client.go:193.117,194.51 1 1
github.com/EO-DataHub/eodhp-workspace-services/api/services/block_nginx_client.go:194.51,196.3 1 0
github.com/EO-DataHub/eodhp-workspace-services/api/services/block_nginx_client.go:198.2,199.16 2 1
github.com/EO-DataHub/eodhp-workspace-services/api/services/block_nginx_client.go:199.16,201.3 1 0
github.com/EO-DataHub/eodhp-workspace-services/api/services/block_nginx_client.go:203.2,204.16 2 1
github.com/EO-DataHub/eodhp-workspace-services/api/services/block_nginx_client.go:204.16,206.3 1 0
github.com/EO-DataHub/eodhp-workspace-services/api/services/block_nginx_client.go:208.2,209.16 2 1
github.com/EO-DataHub/eodhp-workspace-services/api/services/block_nginx_client.go:209.16,211.3 1 0
github.com/EO-DataHub/eodhp-workspace-services/api/services/block_nginx_client.go:212.2,214.44 2 1
github.com/EO-DataHub/eodhp-workspace-services/api/services/block_nginx_client.go:214.44,216.3 1 1
github.com/EO-DataHub/eodhp-workspace-services/api/services/block_nginx_client.go:217.2,217.38 1 1
github.com/EO-DataHub/eodhp-workspace-services/api/services/block_nginx_client.go:217.38,219.3 1 0
github.com/EO-DataHub/eodhp-workspace-services/api/services/block_nginx_client.go:221.2,222.96 2 1
github.com/EO-DataHub/eodhp-workspace-services/api/services/block_nginx_client.go:222.96,224.36 2 1
github.com/EO-DataHub/eodhp-workspace-services/api/services/block_nginx_client.go:224.36,226.4 1 1
github.com/EO-DataHub/eodhp-workspace-services/api/services/block_nginx_client.go:229.2,230.24 2 1
github.com/EO-DataHub/eodhp-workspace-services/api/services/block_nginx_client.go:230.24,232.3 1 1
github.com/EO-DataHub/eodhp-workspace-services/api/services/block_nginx_client.go:234.2,240.8 1 1
github.com/EO-DataHub/eodhp-workspace-services/api/services/block_nginx_client.go:244.110,246.23 2 1
github.com/EO-DataHub/eodhp-workspace-services/api/services/block_nginx_client.go:246.23,248.3 1 1
github.com/EO-DataHub/eodhp-workspace-services/api/services/block_nginx_client.go:249.2,249.79 1 1
github.com/EO-DataHub/eodhp-workspace-services/api/services/block_nginx_client.go:249.79,251.3 1 1
github.com/EO-DataHub/eodhp-workspace-services/api/services/block_nginx_client.go:253.2,254.16 2 1
github.com/EO-DataHub/eodhp-workspace-services/api/services/block_nginx_client.go:254.16,256.3 1 0
github.com/EO-DataHub/eodhp-workspace-services/api/services/block_nginx_client.go:258.2,260.20 3 1
github.com/EO-DataHub/eodhp-workspace-services/api/services/block_nginx_client.go:260.20,262.3 1 1
github.com/EO-DataHub/eodhp-workspace-services/api/services/block_nginx_client.go:263.2,263.15 1 1
github.com/EO-DataHub/eodhp-workspace-services/api/services/block_nginx_client.go:263.15,265.3 1 1
github.com/EO-DataHub/eodhp-workspace-services/api/services/block_nginx_client.go:267.2,268.29 2 1
github.com/EO-DataHub/eodhp-workspace-services/api/services/block_nginx_client.go:272.52,273.19 1 1
github.com/EO-DataHub/eodhp-workspace-services/api/services/block_nginx_client.go:273.19,275.3 1 1
github.com/EO-DataHub/eodhp-workspace-services/api/services/block_nginx_client.go:277.2,278.58 2 1
github.com/EO-DataHub/eodhp-workspace-services/api/services/block_nginx_client.go:278.58,279.22 1 1
github.com/EO-DataHub/eodhp-workspace-services/api/services/block_nginx_client.go:279.22,281.4 1 1
github.com/EO-DataHub/eodhp-workspace-services/api/services/block_nginx_client.go:282.3,282.11 1 0
github.com/EO-DataHub/eodhp-workspace-services/api/services/block_nginx_client.go:285.2,286.58 2 1
github.com/EO-DataHub/eodhp-workspace-services/api/services/block_nginx_client.go:286.58,288.3 1 0
github.com/EO-DataHub/eodhp-workspace-services/api/services/block_nginx_client.go:289.2,290.45 2 1
github.com/EO-DataHub/eodhp-workspace-services/api/services/block_nginx_client.go:290.45,292.3 1 1
github.com/EO-DataHub/eodhp-workspace-services/api/services/block_nginx_client.go:293.2,294.30 2 1
github.com/EO-DataHub/eodhp-workspace-services/api/services/block_nginx_client.go:294.30,296.3 1 1
github.com/EO-DataHub/eodhp-workspace-services/api/services/block_nginx_client.go:297.2,297.15 1 1
github.com/EO-DataHub/eodhp-workspace-services/api/services/block_nginx_client.go:301.66,303.17 2 1
github.com/EO-DataHub/eodhp-workspace-services/api/services/block_nginx_client.go:303.17,305.3 1 0
github.com/EO-DataHub/eodhp-workspace-services/api/services/block_nginx_client.go:307.2,308.16 2 1
github.com/EO-DataHub/eodhp-workspace-services/api/services/block_nginx_client.go:308.16,310.3 1 1
github.com/EO-DataHub/eodhp-workspace-services/api/services/block_nginx_client.go:311.2,311.40 1 1
github.com/EO-DataHub/eodhp-workspace-services/api/services/block_nginx_client.go:315.63,317.17 2 1
github.com/EO-DataHub/eodhp-workspace-services/api/services/block_nginx_client.go:317.17,319.3 1 0
github.com/EO-DataHub/eodhp-workspace-services/api/services/block_nginx_client.go:320.2,321.16 2 1
github.com/EO-DataHub/eodhp-workspace-services/api/services/block_nginx_client.go:321.16,323.3 1 1
github.com/EO-DataHub/eodhp-workspace-services/api/services/block_nginx_client.go:324.2,324.35 1 1
github.com/EO-DataHub/eodhp-workspace-services/api/services/block_nginx_client.go:328.54,340.33 2 1
github.com/EO-DataHub/eodhp-workspace-services/api/services/block_nginx_client.go:340.33,341.59 1 1
github.com/EO-DataHub/eodhp-workspace-services/api/services/block_nginx_client.go:341.59,343.4 1 1
github.com/EO-DataHub/eodhp-workspace-services/api/services/block_nginx_client.go:345.2,345.59 1 1
github.com/EO-DataHub/eodhp-workspace-services/api/services/files.go:85.138,90.9 4 1
github.com/EO-DataHub/eodhp-workspace-services/api/services/files.go:90.9,94.3 3 1
github.com/EO-DataHub/eodhp-workspace-services/api/services/files.go:96.2,97.16 2 1
github.com/EO-DataHub/eodhp-workspace-services/api/services/files.go:97.16,101.3 3 0
github.com/EO-DataHub/eodhp-workspace-services/api/services/files.go:102.2,102.17 1 1
github.com/EO-DataHub/eodhp-workspace-services/api/services/files.go:102.17,106.3 3 1
github.com/EO-DataHub/eodhp-workspace-services/api/services/files.go:108.2,109.16 2 1
github.com/EO-DataHub/eodhp-workspace-services/api/services/files.go:109.16,113.3 3 1
github.com/EO-DataHub/eodhp-workspace-services/api/services/files.go:115.2,115.37 1 1
github.com/EO-DataHub/eodhp-workspace-services/api/services/files.go:119.81,120.55 1 1
github.com/EO-DataHub/eodhp-workspace-services/api/services/files.go:121.10,122.15 1 0
github.com/EO-DataHub/eodhp-workspace-services/api/services/files.go:122.15,124.4 1 0
github.com/EO-DataHub/eodhp-workspace-services/api/services/files.go:125.3,125.52 1 0
github.com/EO-DataHub/eodhp-workspace-services/api/services/files.go:126.23,127.26 1 0
github.com/EO-DataHub/eodhp-workspace-services/api/services/files.go:128.22,129.26 1 1
github.com/EO-DataHub/eodhp-workspace-services/api/services/files.go:130.10,131.52 1 1
github.com/EO-DataHub/eodhp-workspace-services/api/services/files.go:136.82,138.9 2 1
github.com/EO-DataHub/eodhp-workspace-services/api/services/files.go:138.9,140.3 1 1
github.com/EO-DataHub/eodhp-workspace-services/api/services/files.go:142.2,149.16 6 1
github.com/EO-DataHub/eodhp-workspace-services/api/services/files.go:149.16,152.3 2 1
github.com/EO-DataHub/eodhp-workspace-services/api/services/files.go:153.2,153.16 1 1
github.com/EO-DataHub/eodhp-workspace-services/api/services/files.go:153.16,155.17 2 0
github.com/EO-DataHub/eodhp-workspace-services/api/services/files.go:155.17,158.19 1 0
github.com/EO-DataHub/eodhp-workspace-services/api/services/files.go:158.19,160.5 1 0
github.com/EO-DataHub/eodhp-workspace-services/api/services/files.go:161.4,162.10 2 0
github.com/EO-DataHub/eodhp-workspace-services/api/services/files.go:164.3,164.37 1 0
github.com/EO-DataHub/eodhp-workspace-services/api/services/files.go:166.2,166.15 1 1
github.com/EO-DataHub/eodhp-workspace-services/api/services/files.go:166.15,168.17 2 1
github.com/EO-DataHub/eodhp-workspace-services/api/services/files.go:168.17,171.19 1 1
github.com/EO-DataHub/eodhp-workspace-services/api/services/files.go:171.19,173.5 1 0
github.com/EO-DataHub/eodhp-workspace-services/api/services/files.go:174.4,175.10 2 1
github.com/EO-DataHub/eodhp-workspace-services/api/services/files.go:177.3,177.37 1 1
github.com/EO-DataHub/eodhp-workspace-services/api/services/files.go:180.2,183.4 1 1
github.com/EO-DataHub/eodhp-workspace-services/api/services/files.go:187.102,189.9 2 1
github.com/EO-DataHub/eodhp-workspace-services/api/services/files.go:189.9,191.3 1 0
github.com/EO-DataHub/eodhp-workspace-services/api/services/files.go:193.2,197.16 4 1
github.com/EO-DataHub/eodhp-workspace-services/api/services/files.go:197.16,200.3 2 1
github.com/EO-DataHub/eodhp-workspace-services/api/services/files.go:204.2,205.16 2 1
github.com/EO-DataHub/eodhp-workspace-services/api/services/files.go:205.16,207.17 2 0
github.com/EO-DataHub/eodhp-workspace-services/api/services/files.go:207.17,210.4 2 0
github.com/EO-DataHub/eodhp-workspace-services/api/services/files.go:213.2,213.77 1 1
github.com/EO-DataHub/eodhp-workspace-services/api/services/files.go:213.77,216.3 2 0
github.com/EO-DataHub/eodhp-workspace-services/api/services/files.go:217.2,218.21 2 1
github.com/EO-DataHub/eodhp-workspace-services/api/services/files.go:218.21,221.3 2 1
github.com/EO-DataHub/eodhp-workspace-services/api/services/files.go:223.2,223.16 1 1
github.com/EO-DataHub/eodhp-workspace-services/api/services/files.go:223.16,226.17 3 0
github.com/EO-DataHub/eodhp-workspace-services/api/services/files.go:226.17,229.4 2 0
github.com/EO-DataHub/eodhp-workspace-services/api/services/files.go:230.3,231.17 2 0
github.com/EO-DataHub/eodhp-workspace-services/api/services/files.go:231.17,234.4 2 0
github.com/EO-DataHub/eodhp-workspace-services/api/services/files.go:235.3,235.19 1 0
github.com/EO-DataHub/eodhp-workspace-services/api/services/files.go:236.8,239.17 3 1
github.com/EO-DataHub/eodhp-workspace-services/api/services/files.go:239.17,242.4 2 1
github.com/EO-DataHub/eodhp-workspace-services/api/services/files.go:243.3,244.17 2 1
github.com/EO-DataHub/eodhp-workspace-services/api/services/files.go:244.17,247.4 2 0
github.com/EO-DataHub/eodhp-workspace-services/api/services/files.go:248.3,248.19 1 1
github.com/EO-DataHub/eodhp-workspace-services/api/services/files.go:251.2,254.4 1 1
github.com/EO-DataHub/eodhp-workspace-services/api/services/files.go:258.102,260.9 2 1
github.com/EO-DataHub/eodhp-workspace-services/api/services/files.go:260.9,262.3 1 0
github.com/EO-DataHub/eodhp-workspace-services/api/services/files.go:264.2,267.20 3 1
github.com/EO-DataHub/eodhp-workspace-services/api/services/files.go:267.20,270.3 2 1
github.com/EO-DataHub/eodhp-workspace-services/api/services/files.go:271.2,271.51 1 1
github.com/EO-DataHub/eodhp-workspace-services/api/services/files.go:271.51,274.3 2 1
github.com/EO-DataHub/eodhp-workspace-services/api/services/files.go:276.2,280.16 4 1
github.com/EO-DataHub/eodhp-workspace-services/api/services/files.go:280.16,283.3 2 0
github.com/EO-DataHub/eodhp-workspace-services/api/services/files.go:285.2,285.16 1 1
github.com/EO-DataHub/eodhp-workspace-services/api/services/files.go:285.16,288.17 3 0
github.com/EO-DataHub/eodhp-workspace-services/api/services/files.go:288.17,291.4 2 0
github.com/EO-DataHub/eodhp-workspace-services/api/services/files.go:292.3,293.17 2 0
github.com/EO-DataHub/eodhp-workspace-services/api/services/files.go:293.17,296.4 2 0
github.com/EO-DataHub/eodhp-workspace-services/api/services/files.go:297.8,300.17 3 1
github.com/EO-DataHub/eodhp-workspace-services/api/services/files.go:300.17,303.4 2 0
github.com/EO-DataHub/eodhp-workspace-services/api/services/files.go:304.3,305.17 2 1
github.com/EO-DataHub/eodhp-workspace-services/api/services/files.go:305.17,308.4 2 0
github.com/EO-DataHub/eodhp-workspace-services/api/services/files.go:311.2,312.21 2 1
github.com/EO-DataHub/eodhp-workspace-services/api/services/files.go:312.21,314.3 1 1
github.com/EO-DataHub/eodhp-workspace-services/api/services/files.go:316.2,320.4 1 1
github.com/EO-DataHub/eodhp-workspace-services/api/services/files.go:324.106,326.9 2 1
github.com/EO-DataHub/eodhp-workspace-services/api/services/files.go:326.9,328.3 1 0
github.com/EO-DataHub/eodhp-workspace-services/api/services/files.go:330.2,333.20 3 1
github.com/EO-DataHub/eodhp-workspace-services/api/services/files.go:333.20,336.3 2 1
github.com/EO-DataHub/eodhp-workspace-services/api/services/files.go:337.2,337.51 1 1
github.com/EO-DataHub/eodhp-workspace-services/api/services/files.go:337.51,340.3 2 1
github.com/EO-DataHub/eodhp-workspace-services/api/services/files.go:342.2,345.16 3 1
github.com/EO-DataHub/eodhp-workspace-services/api/services/files.go:345.16,348.3 2 0
github.com/EO-DataHub/eodhp-workspace-services/api/services/files.go:350.2,350.16 1 1
github.com/EO-DataHub/eodhp-workspace-services/api/services/files.go:350.16,353.17 3 0
github.com/EO-DataHub/eodhp-workspace-services/api/services/files.go:353.17,356.4 2 0
github.com/EO-DataHub/eodhp-workspace-services/api/services/files.go:357.3,358.17 2 0
github.com/EO-DataHub/eodhp-workspace-services/api/services/files.go:358.17,361.4 2 0
github.com/EO-DataHub/eodhp-workspace-services/api/services/files.go:362.8,365.17 3 1
github.com/EO-DataHub/eodhp-workspace-services/api/services/files.go:365.17,368.4 2 0
github.com/EO-DataHub/eodhp-workspace-services/api/services/files.go:369.3,370.17 2 1
github.com/EO-DataHub/eodhp-workspace-services/api/services/files.go:370.17,373.4 2 1
github.com/EO-DataHub/eodhp-workspace-services/api/services/files.go:376.2,379.4 1 1
github.com/EO-DataHub/eodhp-workspace-services/api/services/files.go:382.85,384.9 2 1
github.com/EO-DataHub/eodhp-workspace-services/api/services/files.go:384.9,386.3 1 0
github.com/EO-DataHub/eodhp-workspace-services/api/services/files.go:388.2,389.20 2 1
github.com/EO-DataHub/eodhp-workspace-services/api/services/files.go:389.20,392.3 2 1
github.com/EO-DataHub/eodhp-workspace-services/api/services/files.go:394.2,395.29 2 1
github.com/EO-DataHub/eodhp-workspace-services/api/services/files.go:395.29,398.3 2 1
github.com/EO-DataHub/eodhp-workspace-services/api/services/files.go:399.2,399.27 1 1
github.com/EO-DataHub/eodhp-workspace-services/api/services/files.go:399.27,402.3 2 1
github.com/EO-DataHub/eodhp-workspace-services/api/services/files.go:404.2,406.16 3 0
github.com/EO-DataHub/eodhp-workspace-services/api/services/files.go:406.16,409.3 2 0
github.com/EO-DataHub/eodhp-workspace-services/api/services/files.go:411.2,412.16 2 0
github.com/EO-DataHub/eodhp-workspace-services/api/services/files.go:412.16,415.3 2 0
github.com/EO-DataHub/eodhp-workspace-services/api/services/files.go:417.2,421.4 1 0
github.com/EO-DataHub/eodhp-workspace-services/api/services/files_block.go:15.143,16.22 1 1
github.com/EO-DataHub/eodhp-workspace-services/api/services/files_block.go:16.22,18.3 1 1
github.com/EO-DataHub/eodhp-workspace-services/api/services/files_block.go:19.2,20.16 2 1
github.com/EO-DataHub/eodhp-workspace-services/api/services/files_block.go:20.16,22.3 1 0
github.com/EO-DataHub/eodhp-workspace-services/api/services/files_block.go:23.2,24.16 2 1
github.com/EO-DataHub/eodhp-workspace-services/api/services/files_block.go:24.16,26.3 1 0
github.com/EO-DataHub/eodhp-workspace-services/api/services/files_block.go:27.2,28.16 2 1
github.com/EO-DataHub/eodhp-workspace-services/api/services/files_block.go:28.16,30.3 1 0
github.com/EO-DataHub/eodhp-workspace-services/api/services/files_block.go:31.2,31.44 1 1
github.com/EO-DataHub/eodhp-workspace-services/api/services/files_block.go:40.23,42.16 2 1
github.com/EO-DataHub/eodhp-workspace-services/api/services/files_block.go:42.16,44.3 1 0
github.com/EO-DataHub/eodhp-workspace-services/api/services/files_block.go:45.2,46.16 2 1
github.com/EO-DataHub/eodhp-workspace-services/api/services/files_block.go:46.16,48.3 1 0
github.com/EO-DataHub/eodhp-workspace-services/api/services/files_block.go:50.2,51.27 2 1
github.com/EO-DataHub/eodhp-workspace-services/api/services/files_block.go:51.27,52.37 1 1
github.com/EO-DataHub/eodhp-workspace-services/api/services/files_block.go:52.37,53.12 1 0
github.com/EO-DataHub/eodhp-workspace-services/api/services/files_block.go:55.3,55.55 1 1
github.com/EO-DataHub/eodhp-workspace-services/api/services/files_block.go:55.55,57.4 1 0
github.com/EO-DataHub/eodhp-workspace-services/api/services/files_block.go:59.3,60.17 2 1
github.com/EO-DataHub/eodhp-workspace-services/api/services/files_block.go:60.17,62.4 1 0
github.com/EO-DataHub/eodhp-workspace-services/api/services/files_block.go:63.3,64.61 2 1
github.com/EO-DataHub/eodhp-workspace-services/api/services/files_block.go:64.61,66.4 1 0
github.com/EO-DataHub/eodhp-workspace-services/api/services/files_block.go:67.3,67.17 1 1
github.com/EO-DataHub/eodhp-workspace-services/api/services/files_block.go:67.17,69.4 1 0
github.com/EO-DataHub/eodhp-workspace-services/api/services/files_block.go:70.3,70.36 1 1
github.com/EO-DataHub/eodhp-workspace-services/api/services/files_block.go:70.36,72.4 1 1
github.com/EO-DataHub/eodhp-workspace-services/api/services/files_block.go:73.3,73.30 1 1
github.com/EO-DataHub/eodhp-workspace-services/api/services/files_block.go:76.2,76.19 1 1
github.com/EO-DataHub/eodhp-workspace-services/api/services/files_block.go:85.33,87.16 2 1
github.com/EO-DataHub/eodhp-workspace-services/api/services/files_block.go:87.16,89.3 1 0
github.com/EO-DataHub/eodhp-workspace-services/api/services/files_block.go:90.2,91.16 2 1
github.com/EO-DataHub/eodhp-workspace-services/api/services/files_block.go:91.16,93.3 1 0
github.com/EO-DataHub/eodhp-workspace-services/api/services/files_block.go:95.2,97.26 3 1
github.com/EO-DataHub/eodhp-workspace-services/api/services/files_block.go:97.26,98.45 1 1
github.com/EO-DataHub/eodhp-workspace-services/api/services/files_block.go:98.45,100.12 2 1
github.com/EO-DataHub/eodhp-workspace-services/api/services/files_block.go:102.3,103.17 2 1
github.com/EO-DataHub/eodhp-workspace-services/api/services/files_block.go:103.17,105.12 2 1
github.com/EO-DataHub/eodhp-workspace-services/api/services/files_block.go:107.3,107.31 1 1
github.com/EO-DataHub/eodhp-workspace-services/api/services/files_block.go:110.2,110.29 1 1
github.com/EO-DataHub/eodhp-workspace-services/api/services/files_block.go:119.21,121.16 2 1
github.com/EO-DataHub/eodhp-workspace-services/api/services/files_block.go:121.16,123.3 1 0
github.com/EO-DataHub/eodhp-workspace-services/api/services/files_block.go:124.2,125.16 2 1
github.com/EO-DataHub/eodhp-workspace-services/api/services/files_block.go:125.16,127.3 1 0
github.com/EO-DataHub/eodhp-workspace-services/api/services/files_block.go:128.2,128.58 1 1
github.com/EO-DataHub/eodhp-workspace-services/api/services/files_block.go:132.74,138.2 1 1
github.com/EO-DataHub/eodhp-workspace-services/api/services/files_block.go:141.47,142.37 1 1
github.com/EO-DataHub/eodhp-workspace-services/api/services/files_block.go:142.37,144.3 1 1
github.com/EO-DataHub/eodhp-workspace-services/api/services/files_block.go:145.2,145.11 1 0
github.com/EO-DataHub/eodhp-workspace-services/api/services/files_block.go:149.54,150.81 1 1
github.com/EO-DataHub/eodhp-workspace-services/api/services/files_block.go:150.81,152.3 1 1
github.com/EO-DataHub/eodhp-workspace-services/api/services/files_block.go:153.2,153.28 1 1
github.com/EO-DataHub/eodhp-workspace-services/api/services/files_helpers.go:18.113,21.49 3 1
github.com/EO-DataHub/eodhp-workspace-services/api/services/files_helpers.go:21.49,23.3 1 1
github.com/EO-DataHub/eodhp-workspace-services/api/services/files_helpers.go:24.2,24.42 1 1
github.com/EO-DataHub/eodhp-workspace-services/api/services/files_helpers.go:24.42,27.3 2 1
github.com/EO-DataHub/eodhp-workspace-services/api/services/files_helpers.go:28.2,28.34 1 1
github.com/EO-DataHub/eodhp-workspace-services/api/services/files_helpers.go:32.89,33.22 1 1
github.com/EO-DataHub/eodhp-workspace-services/api/services/files_helpers.go:33.22,35.3 1 1
github.com/EO-DataHub/eodhp-workspace-services/api/services/files_helpers.go:36.2,36.21 1 1
github.com/EO-DataHub/eodhp-workspace-services/api/services/files_helpers.go:36.21,38.3 1 1
github.com/EO-DataHub/eodhp-workspace-services/api/services/files_helpers.go:39.2,39.23 1 1
github.com/EO-DataHub/eodhp-workspace-services/api/services/files_helpers.go:43.86,44.22 1 1
github.com/EO-DataHub/eodhp-workspace-services/api/services/files_helpers.go:44.22,46.3 1 1
github.com/EO-DataHub/eodhp-workspace-services/api/services/files_helpers.go:47.2,47.21 1 1
github.com/EO-DataHub/eodhp-workspace-services/api/services/files_helpers.go:47.21,49.3 1 1
github.com/EO-DataHub/eodhp-workspace-services/api/services/files_helpers.go:50.2,50.23 1 1
github.com/EO-DataHub/eodhp-workspace-services/api/services/files_helpers.go:54.96,56.23 2 1
github.com/EO-DataHub/eodhp-workspace-services/api/services/files_helpers.go:56.23,58.3 1 1
github.com/EO-DataHub/eodhp-workspace-services/api/services/files_helpers.go:60.2,61.22 2 1
github.com/EO-DataHub/eodhp-workspace-services/api/services/files_helpers.go:61.22,63.3 1 1
github.com/EO-DataHub/eodhp-workspace-services/api/services/files_helpers.go:65.2,67.70 3 1
github.com/EO-DataHub/eodhp-workspace-services/api/services/files_helpers.go:67.70,69.3 1 1
github.com/EO-DataHub/eodhp-workspace-services/api/services/files_helpers.go:70.2,70.55 1 1
github.com/EO-DataHub/eodhp-workspace-services/api/services/files_helpers.go:70.55,72.3 1 0
github.com/EO-DataHub/eodhp-workspace-services/api/services/files_helpers.go:74.2,74.33 1 1
github.com/EO-DataHub/eodhp-workspace-services/api/services/files_helpers.go:74.33,76.3 1 1
github.com/EO-DataHub/eodhp-workspace-services/api/services/files_helpers.go:78.2,78.26 1 1
github.com/EO-DataHub/eodhp-workspace-services/api/services/files_helpers.go:82.74,83.37 1 1
github.com/EO-DataHub/eodhp-workspace-services/api/services/files_helpers.go:83.37,85.3 1 1
github.com/EO-DataHub/eodhp-workspace-services/api/services/files_helpers.go:86.2,87.36 2 1
github.com/EO-DataHub/eodhp-workspace-services/api/services/files_helpers.go:87.36,88.30 1 1
github.com/EO-DataHub/eodhp-workspace-services/api/services/files_helpers.go:88.30,89.17 1 1
github.com/EO-DataHub/eodhp-workspace-services/api/services/files_helpers.go:89.17,91.5 1 1
github.com/EO-DataHub/eodhp-workspace-services/api/services/files_helpers.go:94.2,94.12 1 1
github.com/EO-DataHub/eodhp-workspace-services/api/services/files_helpers.go:98.52,100.15 2 1
github.com/EO-DataHub/eodhp-workspace-services/api/services/files_helpers.go:100.15,102.3 1 1
github.com/EO-DataHub/eodhp-workspace-services/api/services/files_helpers.go:103.2,103.33 1 1
github.com/EO-DataHub/eodhp-workspace-services/api/services/files_helpers.go:103.33,105.3 1 1
github.com/EO-DataHub/eodhp-workspace-services/api/services/files_helpers.go:106.2,106.32 1 1
github.com/EO-DataHub/eodhp-workspace-services/api/services/files_helpers.go:106.32,108.3 1 1
github.com/EO-DataHub/eodhp-workspace-services/api/services/files_helpers.go:109.2,109.33 1 1
github.com/EO-DataHub/eodhp-workspace-services/api/services/files_helpers.go:109.33,111.3 1 1
github.com/EO-DataHub/eodhp-workspace-services/api/services/files_helpers.go:112.2,113.55 2 1
github.com/EO-DataHub/eodhp-workspace-services/api/services/files_helpers.go:113.55,115.3 1 0
github.com/EO-DataHub/eodhp-workspace-services/api/services/files_helpers.go:116.2,117.19 2 1
github.com/EO-DataHub/eodhp-workspace-services/api/services/files_helpers.go:117.19,119.3 1 0
github.com/EO-DataHub/eodhp-workspace-services/api/services/files_helpers.go:121.2,122.16 2 1
github.com/EO-DataHub/eodhp-workspace-services/api/services/files_helpers.go:122.16,124.3 1 1
github.com/EO-DataHub/eodhp-workspace-services/api/services/files_helpers.go:125.2,125.38 1 1
github.com/EO-DataHub/eodhp-workspace-services/api/services/files_helpers.go:129.55,131.16 2 1
github.com/EO-DataHub/eodhp-workspace-services/api/services/files_helpers.go:131.16,133.3 1 1
github.com/EO-DataHub/eodhp-workspace-services/api/services/files_helpers.go:134.2,134.15 1 1
github.com/EO-DataHub/eodhp-workspace-services/api/services/files_helpers.go:134.15,136.3 1 1
github.com/EO-DataHub/eodhp-workspace-services/api/services/files_helpers.go:137.2,137.33 1 1
github.com/EO-DataHub/eodhp-workspace-services/api/services/files_helpers.go:137.33,139.3 1 1
github.com/EO-DataHub/eodhp-workspace-services/api/services/files_helpers.go:140.2,141.37 2 1
github.com/EO-DataHub/eodhp-workspace-services/api/services/files_helpers.go:141.37,143.3 1 0
github.com/EO-DataHub/eodhp-workspace-services/api/services/files_helpers.go:144.2,145.20 2 1
github.com/EO-DataHub/eodhp-workspace-services/api/services/files_helpers.go:145.20,147.3 1 0
github.com/EO-DataHub/eodhp-workspace-services/api/services/files_helpers.go:148.2,148.19 1 1
github.com/EO-DataHub/eodhp-workspace-services/api/services/files_helpers.go:148.19,150.3 1 0
github.com/EO-DataHub/eodhp-workspace-services/api/services/files_helpers.go:151.2,151.44 1 1
github.com/EO-DataHub/eodhp-workspace-services/api/services/files_helpers.go:155.48,157.16 2 1
github.com/EO-DataHub/eodhp-workspace-services/api/services/files_helpers.go:157.16,159.3 1 1
github.com/EO-DataHub/eodhp-workspace-services/api/services/files_helpers.go:160.2,162.40 3 1
github.com/EO-DataHub/eodhp-workspace-services/api/services/files_helpers.go:162.40,164.3 1 1
github.com/EO-DataHub/eodhp-workspace-services/api/services/files_helpers.go:165.2,165.12 1 1
github.com/EO-DataHub/eodhp-workspace-services/api/services/files_helpers.go:169.42,171.16 2 1
github.com/EO-DataHub/eodhp-workspace-services/api/services/files_helpers.go:171.16,173.3 1 1
github.com/EO-DataHub/eodhp-workspace-services/api/services/files_helpers.go:176.2,176.34 1 1
github.com/EO-DataHub/eodhp-workspace-services/api/services/files_helpers.go:176.34,178.3 1 1
github.com/EO-DataHub/eodhp-workspace-services/api/services/files_helpers.go:179.2,179.34 1 1
github.com/EO-DataHub/eodhp-workspace-services/api/services/files_helpers.go:179.34,181.3 1 1
github.com/EO-DataHub/eodhp-workspace-services/api/services/files_helpers.go:182.2,182.33 1 1
github.com/EO-DataHub/eodhp-workspace-services/api/services/files_helpers.go:182.33,184.3 1 1
github.com/EO-DataHub/eodhp-workspace-services/api/services/files_helpers.go:185.2,185.34 1 1
github.com/EO-DataHub/eodhp-workspace-services/api/services/files_helpers.go:185.34,187.3 1 1
github.com/EO-DataHub/eodhp-workspace-services/api/services/files_helpers.go:188.2,188.34 1 1
github.com/EO-DataHub/eodhp-workspace-services/api/services/files_helpers.go:188.34,190.3 1 0
github.com/EO-DataHub/eodhp-workspace-services/api/services/files_helpers.go:191.2,191.12 1 1
github.com/EO-DataHub/eodhp-workspace-services/api/services/files_helpers.go:195.137,199.6 3 0
github.com/EO-DataHub/eodhp-workspace-services/api/services/files_helpers.go:199.6,205.17 2 0
github.com/EO-DataHub/eodhp-workspace-services/api/services/files_helpers.go:205.17,207.4 1 0
github.com/EO-DataHub/eodhp-workspace-services/api/services/files_helpers.go:208.3,208.36 1 0
github.com/EO-DataHub/eodhp-workspace-services/api/services/files_helpers.go:208.36,210.48 2 0
github.com/EO-DataHub/eodhp-workspace-services/api/services/files_helpers.go:210.48,211.13 1 0
github.com/EO-DataHub/eodhp-workspace-services/api/services/files_helpers.go:213.4,214.41 2 0
github.com/EO-DataHub/eodhp-workspace-services/api/services/files_helpers.go:214.41,215.13 1 0
github.com/EO-DataHub/eodhp-workspace-services/api/services/files_helpers.go:217.4,217.39 1 0
github.com/EO-DataHub/eodhp-workspace-services/api/services/files_helpers.go:217.39,218.13 1 0
github.com/EO-DataHub/eodhp-workspace-services/api/services/files_helpers.go:220.4,225.31 2 0
github.com/EO-DataHub/eodhp-workspace-services/api/services/files_helpers.go:225.31,227.5 1 0
github.com/EO-DataHub/eodhp-workspace-services/api/services/files_helpers.go:228.4,228.23 1 0
github.com/EO-DataHub/eodhp-workspace-services/api/services/files_helpers.go:228.23,230.5 1 0
github.com/EO-DataHub/eodhp-workspace-services/api/services/files_helpers.go:231.4,231.31 1 0
github.com/EO-DataHub/eodhp-workspace-services/api/services/files_helpers.go:233.3,233.50 1 0
github.com/EO-DataHub/eodhp-workspace-services/api/services/files_helpers.go:233.50,234.9 1 0
github.com/EO-DataHub/eodhp-workspace-services/api/services/files_helpers.go:236.3,236.36 1 0
github.com/EO-DataHub/eodhp-workspace-services/api/services/files_helpers.go:239.2,239.19 1 0
github.com/EO-DataHub/eodhp-workspace-services/api/services/files_helpers.go:243.51,245.22 2 1
github.com/EO-DataHub/eodhp-workspace-services/api/services/files_helpers.go:245.22,247.3 1 1
github.com/EO-DataHub/eodhp-workspace-services/api/services/files_helpers.go:248.2,249.63 2 1
github.com/EO-DataHub/eodhp-workspace-services/api/services/files_helpers.go:249.63,251.3 1 1
github.com/EO-DataHub/eodhp-workspace-services/api/services/files_helpers.go:252.2,253.17 2 1
github.com/EO-DataHub/eodhp-workspace-services/api/services/files_helpers.go:253.17,255.3 1 0
github.com/EO-DataHub/eodhp-workspace-services/api/services/files_helpers.go:256.2,256.14 1 1
github.com/EO-DataHub/eodhp-workspace-services/api/services/files_helpers.go:260.53,261.37 1 1
github.com/EO-DataHub/eodhp-workspace-services/api/services/files_helpers.go:261.37,262.85 1 1
github.com/EO-DataHub/eodhp-workspace-services/api/services/files_helpers.go:262.85,264.4 1 1
github.com/EO-DataHub/eodhp-workspace-services/api/services/files_helpers.go:266.2,266.26 1 1
github.com/EO-DataHub/eodhp-workspace-services/api/services/files_helpers.go:270.58,271.81 1 1
github.com/EO-DataHub/eodhp-workspace-services/api/services/files_helpers.go:271.81,273.3 1 1
github.com/EO-DataHub/eodhp-workspace-services/api/services/files_helpers.go:274.2,274.26 1 1
github.com/EO-DataHub/eodhp-workspace-services/api/services/files_object.go:21.121,22.22 1 1
github.com/EO-DataHub/eodhp-workspace-services/api/services/files_object.go:22.22,24.3 1 1
github.com/EO-DataHub/eodhp-workspace-services/api/services/files_object.go:25.2,26.16 2 1
github.com/EO-DataHub/eodhp-workspace-services/api/services/files_object.go:26.16,28.3 1 0
github.com/EO-DataHub/eodhp-workspace-services/api/services/files_object.go:29.2,29.46 1 1
github.com/EO-DataHub/eodhp-workspace-services/api/services/files_object.go:29.46,31.3 1 1
github.com/EO-DataHub/eodhp-workspace-services/api/services/files_object.go:33.2,34.16 2 1
github.com/EO-DataHub/eodhp-workspace-services/api/services/files_object.go:34.16,36.3 1 0
github.com/EO-DataHub/eodhp-workspace-services/api/services/files_object.go:38.2,39.16 2 1
github.com/EO-DataHub/eodhp-workspace-services/api/services/files_object.go:39.16,41.3 1 1
github.com/EO-DataHub/eodhp-workspace-services/api/services/files_object.go:43.2,44.16 2 0
github.com/EO-DataHub/eodhp-workspace-services/api/services/files_object.go:44.16,46.3 1 0
github.com/EO-DataHub/eodhp-workspace-services/api/services/files_object.go:49.2,49.22 1 0
github.com/EO-DataHub/eodhp-workspace-services/api/services/files_object.go:53.167,54.46 1 1
github.com/EO-DataHub/eodhp-workspace-services/api/services/files_object.go:54.46,56.3 1 1
github.com/EO-DataHub/eodhp-workspace-services/api/services/files_object.go:58.2,59.27 2 1
github.com/EO-DataHub/eodhp-workspace-services/api/services/files_object.go:59.27,60.37 1 1
github.com/EO-DataHub/eodhp-workspace-services/api/services/files_object.go:60.37,61.12 1 0
github.com/EO-DataHub/eodhp-workspace-services/api/services/files_object.go:63.3,63.55 1 1
github.com/EO-DataHub/eodhp-workspace-services/api/services/files_object.go:63.55,65.4 1 1
github.com/EO-DataHub/eodhp-workspace-services/api/services/files_object.go:67.3,68.17 2 0
github.com/EO-DataHub/eodhp-workspace-services/api/services/files_object.go:68.17,70.4 1 0
github.com/EO-DataHub/eodhp-workspace-services/api/services/files_object.go:72.3,73.17 2 0
github.com/EO-DataHub/eodhp-workspace-services/api/services/files_object.go:73.17,76.4 2 0
github.com/EO-DataHub/eodhp-workspace-services/api/services/files_object.go:78.3,84.61 2 0
github.com/EO-DataHub/eodhp-workspace-services/api/services/files_object.go:84.61,86.4 1 0
github.com/EO-DataHub/eodhp-workspace-services/api/services/files_object.go:87.3,87.17 1 0
github.com/EO-DataHub/eodhp-workspace-services/api/services/files_object.go:87.17,89.4 1 0
github.com/EO-DataHub/eodhp-workspace-services/api/services/files_object.go:91.3,95.5 1 0
github.com/EO-DataHub/eodhp-workspace-services/api/services/files_object.go:98.2,98.19 1 0
github.com/EO-DataHub/eodhp-workspace-services/api/services/files_object.go:102.141,103.46 1 1
github.com/EO-DataHub/eodhp-workspace-services/api/services/files_object.go:103.46,105.3 1 1
github.com/EO-DataHub/eodhp-workspace-services/api/services/files_object.go:107.2,108.16 2 1
github.com/EO-DataHub/eodhp-workspace-services/api/services/files_object.go:108.16,110.3 1 0
github.com/EO-DataHub/eodhp-workspace-services/api/services/files_object.go:112.2,114.26 3 1
github.com/EO-DataHub/eodhp-workspace-services/api/services/files_object.go:114.26,116.17 2 1
github.com/EO-DataHub/eodhp-workspace-services/api/services/files_object.go:116.17,118.12 2 1
github.com/EO-DataHub/eodhp-workspace-services/api/services/files_object.go:121.3,125.17 2 0
github.com/EO-DataHub/eodhp-workspace-services/api/services/files_object.go:125.17,127.12 2 0
github.com/EO-DataHub/eodhp-workspace-services/api/services/files_object.go:129.3,129.31 1 0
github.com/EO-DataHub/eodhp-workspace-services/api/services/files_object.go:132.2,132.29 1 1
github.com/EO-DataHub/eodhp-workspace-services/api/services/files_object.go:136.131,137.46 1 1
github.com/EO-DataHub/eodhp-workspace-services/api/services/files_object.go:137.46,139.3 1 1
github.com/EO-DataHub/eodhp-workspace-services/api/services/files_object.go:141.2,142.16 2 1
github.com/EO-DataHub/eodhp-workspace-services/api/services/files_object.go:142.16,144.3 1 0
github.com/EO-DataHub/eodhp-workspace-services/api/services/files_object.go:146.2,147.16 2 1
github.com/EO-DataHub/eodhp-workspace-services/api/services/files_object.go:147.16,149.3 1 1
github.com/EO-DataHub/eodhp-workspace-services/api/services/files_object.go:151.2,155.16 2 0
github.com/EO-DataHub/eodhp-workspace-services/api/services/files_object.go:155.16,157.3 1 0
github.com/EO-DataHub/eodhp-workspace-services/api/services/files_object.go:159.2,164.30 2 0
github.com/EO-DataHub/eodhp-workspace-services/api/services/files_object.go:164.30,166.3 1 0
github.com/EO-DataHub/eodhp-workspace-services/api/services/files_object.go:167.2,167.22 1 0
github.com/EO-DataHub/eodhp-workspace-services/api/services/files_object.go:167.22,169.3 1 0
github.com/EO-DataHub/eodhp-workspace-services/api/services/files_object.go:170.2,170.18 1 0
github.com/EO-DataHub/eodhp-workspace-services/api/services/files_object.go:175.141,176.46 1 1
github.com/EO-DataHub/eodhp-workspace-services/api/services/files_object.go:176.46,178.3 1 1
github.com/EO-DataHub/eodhp-workspace-services/api/services/files_object.go:179.2,179.51 1 1
github.com/EO-DataHub/eodhp-workspace-services/api/services/files_object.go:179.51,181.3 1 1
github.com/EO-DataHub/eodhp-workspace-services/api/services/files_object.go:183.2,184.16 2 1
github.com/EO-DataHub/eodhp-workspace-services/api/services/files_object.go:184.16,186.3 1 0
github.com/EO-DataHub/eodhp-workspace-services/api/services/files_object.go:188.2,189.16 2 1
github.com/EO-DataHub/eodhp-workspace-services/api/services/files_object.go:189.16,191.3 1 0
github.com/EO-DataHub/eodhp-workspace-services/api/services/files_object.go:193.2,199.16 3 1
github.com/EO-DataHub/eodhp-workspace-services/api/services/files_object.go:199.16,201.3 1 0
github.com/EO-DataHub/eodhp-workspace-services/api/services/files_object.go:203.2,203.21 1 1
github.com/EO-DataHub/eodhp-workspace-services/api/services/files_object.go:207.74,209.16 2 1
github.com/EO-DataHub/eodhp-workspace-services/api/services/files_object.go:209.16,211.3 1 0
github.com/EO-DataHub/eodhp-workspace-services/api/services/files_object.go:212.2,220.16 2 1
github.com/EO-DataHub/eodhp-workspace-services/api/services/files_object.go:220.16,222.3 1 0
github.com/EO-DataHub/eodhp-workspace-services/api/services/files_object.go:223.2,223.114 1 1
github.com/EO-DataHub/eodhp-workspace-services/api/services/files_object.go:227.92,229.76 1 1
github.com/EO-DataHub/eodhp-workspace-services/api/services/files_object.go:229.76,236.3 1 1
github.com/EO-DataHub/eodhp-workspace-services/api/services/files_object.go:238.2,239.17 2 1
[...]
github.com/EO-DataHub/eodhp-workspace-services/api/services/workspaces.go:103.9,107.3 3 0
github.com/EO-DataHub/eodhp-workspace-services/api/services/workspaces.go:110.2,116.16 4 0
github.com/EO-DataHub/eodhp-workspace-services/api/services/workspaces.go:116.16,120.3 3 0
github.com/EO-DataHub/eodhp-workspace-services/api/services/workspaces.go:123.2,124.16 2 0
github.com/EO-DataHub/eodhp-workspace-services/api/services/workspaces.go:124.16,127.3 2 0
github.com/EO-DataHub/eodhp-workspace-services/api/services/workspaces.go:130.2,130.60 1 0
github.com/EO-DataHub/eodhp-workspace-services/api/services/workspaces.go:130.60,134.3 3 0
github.com/EO-DataHub/eodhp-workspace-services/api/services/workspaces.go:137.2,137.28 1 0
github.com/EO-DataHub/eodhp-workspace-services/api/services/workspaces.go:137.28,138.41 1 0
github.com/EO-DataHub/eodhp-workspace-services/api/services/workspaces.go:138.41,141.4 2 0
github.com/EO-DataHub/eodhp-workspace-services/api/services/workspaces.go:144.3,145.9 2 0
github.com/EO-DataHub/eodhp-workspace-services/api/services/workspaces.go:148.2,148.45 1 0
github.com/EO-DataHub/eodhp-workspace-services/api/services/workspaces.go:152.93,158.9 3 1
github.com/EO-DataHub/eodhp-workspace-services/api/services/workspaces.go:158.9,162.3 3 1
github.com/EO-DataHub/eodhp-workspace-services/api/services/workspaces.go:165.2,165.28 1 1
github.com/EO-DataHub/eodhp-workspace-services/api/services/workspaces.go:165.28,169.3 3 0
github.com/EO-DataHub/eodhp-workspace-services/api/services/workspaces.go:172.2,173.68 2 1
github.com/EO-DataHub/eodhp-workspace-services/api/services/workspaces.go:173.68,177.3 3 1
github.com/EO-DataHub/eodhp-workspace-services/api/services/workspaces.go:180.2,181.16 2 1
github.com/EO-DataHub/eodhp-workspace-services/api/services/workspaces.go:181.16,185.3 3 1
github.com/EO-DataHub/eodhp-workspace-services/api/services/workspaces.go:188.2,188.14 1 1
github.com/EO-DataHub/eodhp-workspace-services/api/services/workspaces.go:188.14,192.3 3 0
github.com/EO-DataHub/eodhp-workspace-services/api/services/workspaces.go:195.2,195.39 1 1
github.com/EO-DataHub/eodhp-workspace-services/api/services/workspaces.go:195.39,199.3 3 0
github.com/EO-DataHub/eodhp-workspace-services/api/services/workspaces.go:202.2,203.16 2 1
github.com/EO-DataHub/eodhp-workspace-services/api/services/workspaces.go:203.16,207.3 3 0
github.com/EO-DataHub/eodhp-workspace-services/api/services/workspaces.go:210.2,210.21 1 1
github.com/EO-DataHub/eodhp-workspace-services/api/services/workspaces.go:210.21,214.3 3 1
github.com/EO-DataHub/eodhp-workspace-services/api/services/workspaces.go:217.2,220.16 3 1
github.com/EO-DataHub/eodhp-workspace-services/api/services/workspaces.go:220.16,224.3 3 0
github.com/EO-DataHub/eodhp-workspace-services/api/services/workspaces.go:226.2,231.16 3 1
github.com/EO-DataHub/eodhp-workspace-services/api/services/workspaces.go:231.16,235.3 3 0
github.com/EO-DataHub/eodhp-workspace-services/api/services/workspaces.go:237.2,239.16 3 1
github.com/EO-DataHub/eodhp-workspace-services/api/services/workspaces.go:239.16,243.3 3 0
github.com/EO-DataHub/eodhp-workspace-services/api/services/workspaces.go:245.2,262.16 5 1
github.com/EO-DataHub/eodhp-workspace-services/api/services/workspaces.go:262.16,266.3 3 0
github.com/EO-DataHub/eodhp-workspace-services/api/services/workspaces.go:269.2,270.16 2 1
github.com/EO-DataHub/eodhp-workspace-services/api/services/workspaces.go:270.16,275.3 4 0
github.com/EO-DataHub/eodhp-workspace-services/api/services/workspaces.go:278.2,278.53 1 1
github.com/EO-DataHub/eodhp-workspace-services/api/services/workspaces.go:278.53,282.3 3 0
github.com/EO-DataHub/eodhp-workspace-services/api/services/workspaces.go:284.2,288.60 3 1
github.com/EO-DataHub/eodhp-workspace-services/api/services/workspaces.go:293.93,299.9 3 0
github.com/EO-DataHub/eodhp-workspace-services/api/services/workspaces.go:299.9,303.3 3 0
github.com/EO-DataHub/eodhp-workspace-services/api/services/workspaces.go:306.2,306.28 1 0
github.com/EO-DataHub/eodhp-workspace-services/api/services/workspaces.go:306.28,310.3 3 0
github.com/EO-DataHub/eodhp-workspace-services/api/services/workspaces.go:313.2,321.16 6 0
github.com/EO-DataHub/eodhp-workspace-services/api/services/workspaces.go:321.16,325.3 3 0
github.com/EO-DataHub/eodhp-workspace-services/api/services/workspaces.go:327.2,327.45 1 0
github.com/EO-DataHub/eodhp-workspace-services/api/handlers/account.go:11.74,13.54 1 0
github.com/EO-DataHub/eodhp-workspace-services/api/handlers/account.go:13.54,16.3 1 0
github.com/EO-DataHub/eodhp-workspace-services/api/handlers/account.go:29.72,31.54 1 0
github.com/EO-DataHub/eodhp-workspace-services/api/handlers/account.go:31.54,34.3 1 0
github.com/EO-DataHub/eodhp-workspace-services/api/handlers/account.go:50.71,52.54 1 0
github.com/EO-DataHub/eodhp-workspace-services/api/handlers/account.go:52.54,55.3 1 0
github.com/EO-DataHub/eodhp-workspace-services/api/handlers/account.go:59.74,61.54 1 0
github.com/EO-DataHub/eodhp-workspace-services/api/handlers/account.go:61.54,64.3 1 0
github.com/EO-DataHub/eodhp-workspace-services/api/handlers/account.go:68.74,70.54 1 0
github.com/EO-DataHub/eodhp-workspace-services/api/handlers/account.go:70.54,73.3 1 0
github.com/EO-DataHub/eodhp-workspace-services/api/handlers/account.go:77.110,78.54 1 0
github.com/EO-DataHub/eodhp-workspace-services/api/handlers/account.go:78.54,81.38 1 0
github.com/EO-DataHub/eodhp-workspace-services/api/handlers/account.go:81.38,83.4 1 0
github.com/EO-DataHub/eodhp-workspace-services/api/handlers/account.go:85.3,85.57 1 0
github.com/EO-DataHub/eodhp-workspace-services/api/handlers/auth.go:9.73,10.38 1 0
github.com/EO-DataHub/eodhp-workspace-services/api/handlers/auth.go:10.38,13.3 2 0
github.com/EO-DataHub/eodhp-workspace-services/api/handlers/auth.go:14.2,14.13 1 0
github.com/EO-DataHub/eodhp-workspace-services/api/handlers/data-loader.go:30.158,32.68 1 0
github.com/EO-DataHub/eodhp-workspace-services/api/handlers/data-loader.go:32.68,38.3 1 0
github.com/EO-DataHub/eodhp-workspace-services/api/handlers/data-loader.go:40.2,41.16 2 0
github.com/EO-DataHub/eodhp-workspace-services/api/handlers/data-loader.go:41.16,42.51 1 0
github.com/EO-DataHub/eodhp-workspace-services/api/handlers/data-loader.go:42.51,44.4 1 0
github.com/EO-DataHub/eodhp-workspace-services/api/handlers/data-loader.go:45.3,45.72 1 0
github.com/EO-DataHub/eodhp-workspace-services/api/handlers/data-loader.go:48.2,48.34 1 0
github.com/EO-DataHub/eodhp-workspace-services/api/handlers/data-loader.go:52.107,54.54 1 0
github.com/EO-DataHub/eodhp-workspace-services/api/handlers/data-loader.go:54.54,64.66 5 0
github.com/EO-DataHub/eodhp-workspace-services/api/handlers/data-loader.go:64.66,68.4 3 0
github.com/EO-DataHub/eodhp-workspace-services/api/handlers/data-loader.go:70.3,76.17 4 0
github.com/EO-DataHub/eodhp-workspace-services/api/handlers/data-loader.go:76.17,79.4 2 0
github.com/EO-DataHub/eodhp-workspace-services/api/handlers/data-loader.go:82.3,90.17 2 0
github.com/EO-DataHub/eodhp-workspace-services/api/handlers/data-loader.go:90.17,94.4 3 0
github.com/EO-DataHub/eodhp-workspace-services/api/handlers/data-loader.go:97.3,105.17 3 0
github.com/EO-DataHub/eodhp-workspace-services/api/handlers/data-loader.go:105.17,109.4 3 0
github.com/EO-DataHub/eodhp-workspace-services/api/handlers/data-loader.go:111.3,116.87 4 0
github.com/EO-DataHub/eodhp-workspace-services/api/handlers/data-loader.go:122.110,123.54 1 0
github.com/EO-DataHub/eodhp-workspace-services/api/handlers/data-loader.go:123.54,131.66 6 0
github.com/EO-DataHub/eodhp-workspace-services/api/handlers/data-loader.go:131.66,135.4 3 0
github.com/EO-DataHub/eodhp-workspace-services/api/handlers/data-loader.go:137.3,137.29 1 0
github.com/EO-DataHub/eodhp-workspace-services/api/handlers/data-loader.go:137.29,140.4 2 0
github.com/EO-DataHub/eodhp-workspace-services/api/handlers/data-loader.go:143.3,144.17 2 0
github.com/EO-DataHub/eodhp-workspace-services/api/handlers/data-loader.go:144.17,147.4 2 0
github.com/EO-DataHub/eodhp-workspace-services/api/handlers/data-loader.go:149.3,156.17 2 0
github.com/EO-DataHub/eodhp-workspace-services/api/handlers/data-loader.go:156.17,160.4 3 0
github.com/EO-DataHub/eodhp-workspace-services/api/handlers/data-loader.go:162.3,165.36 3 0
github.com/EO-DataHub/eodhp-workspace-services/api/handlers/data-loader.go:165.36,167.4 1 0
github.com/EO-DataHub/eodhp-workspace-services/api/handlers/data-loader.go:169.3,176.17 2 0
github.com/EO-DataHub/eodhp-workspace-services/api/handlers/data-loader.go:176.17,180.4 3 0
github.com/EO-DataHub/eodhp-workspace-services/api/handlers/data-loader.go:182.3,182.29 1 0
github.com/EO-DataHub/eodhp-workspace-services/api/handlers/data-loader.go:182.29,183.41 1 0
github.com/EO-DataHub/eodhp-workspace-services/api/handlers/data-loader.go:183.41,189.5 1 0
github.com/EO-DataHub/eodhp-workspace-services/api/handlers/data-loader.go:190.4,191.10 2 0
github.com/EO-DataHub/eodhp-workspace-services/api/handlers/data-loader.go:194.3,203.5 4 0
github.com/EO-DataHub/eodhp-workspace-services/api/handlers/files.go:24.68,25.54 1 0
github.com/EO-DataHub/eodhp-workspace-services/api/handlers/files.go:25.54,26.38 1 0
github.com/EO-DataHub/eodhp-workspace-services/api/handlers/files.go:26.38,28.4 1 0
github.com/EO-DataHub/eodhp-workspace-services/api/handlers/files.go:30.3,30.29 1 0
github.com/EO-DataHub/eodhp-workspace-services/api/handlers/files.go:49.82,50.54 1 0
github.com/EO-DataHub/eodhp-workspace-services/api/handlers/files.go:50.54,51.38 1 0
github.com/EO-DataHub/eodhp-workspace-services/api/handlers/files.go:51.38,53.4 1 0
github.com/EO-DataHub/eodhp-workspace-services/api/handlers/files.go:55.3,55.32 1 0
github.com/EO-DataHub/eodhp-workspace-services/api/handlers/files.go:74.77,75.54 1 0
github.com/EO-DataHub/eodhp-workspace-services/api/handlers/files.go:75.54,76.38 1 0
github.com/EO-DataHub/eodhp-workspace-services/api/handlers/files.go:76.38,78.4 1 0
github.com/EO-DataHub/eodhp-workspace-services/api/handlers/files.go:80.3,80.41 1 0
github.com/EO-DataHub/eodhp-workspace-services/api/handlers/files.go:99.76,100.54 1 0
github.com/EO-DataHub/eodhp-workspace-services/api/handlers/files.go:100.54,101.38 1 0
github.com/EO-DataHub/eodhp-workspace-services/api/handlers/files.go:101.38,103.4 1 0
github.com/EO-DataHub/eodhp-workspace-services/api/handlers/files.go:105.3,105.40 1 0
github.com/EO-DataHub/eodhp-workspace-services/api/handlers/files.go:125.76,126.54 1 0
github.com/EO-DataHub/eodhp-workspace-services/api/handlers/files.go:126.54,127.38 1 0
github.com/EO-DataHub/eodhp-workspace-services/api/handlers/files.go:127.38,129.4 1 0
github.com/EO-DataHub/eodhp-workspace-services/api/handlers/files.go:131.3,131.41 1 0
github.com/EO-DataHub/eodhp-workspace-services/api/handlers/files.go:151.75,152.54 1 0
github.com/EO-DataHub/eodhp-workspace-services/api/handlers/files.go:152.54,153.38 1 0
github.com/EO-DataHub/eodhp-workspace-services/api/handlers/files.go:153.38,155.4 1 0
github.com/EO-DataHub/eodhp-workspace-services/api/handlers/files.go:157.3,157.40 1 0
github.com/EO-DataHub/eodhp-workspace-services/api/handlers/files.go:176.81,177.54 1 0
github.com/EO-DataHub/eodhp-workspace-services/api/handlers/files.go:177.54,178.38 1 0
github.com/EO-DataHub/eodhp-workspace-services/api/handlers/files.go:178.38,180.4 1 0
github.com/EO-DataHub/eodhp-workspace-services/api/handlers/files.go:182.3,182.45 1 0
github.com/EO-DataHub/eodhp-workspace-services/api/handlers/files.go:201.80,202.54 1 0
github.com/EO-DataHub/eodhp-workspace-services/api/handlers/files.go:202.54,203.38 1 0
github.com/EO-DataHub/eodhp-workspace-services/api/handlers/files.go:203.38,205.4 1 0
github.com/EO-DataHub/eodhp-workspace-services/api/handlers/files.go:207.3,207.44 1 0
github.com/EO-DataHub/eodhp-workspace-services/api/handlers/linked-accounts.go:10.79,12.54 1 0
github.com/EO-DataHub/eodhp-workspace-services/api/handlers/linked-accounts.go:12.54,15.38 1 0
github.com/EO-DataHub/eodhp-workspace-services/api/handlers/linked-accounts.go:15.38,17.4 1 0
github.com/EO-DataHub/eodhp-workspace-services/api/handlers/linked-accounts.go:19.3,19.39 1 0
github.com/EO-DataHub/eodhp-workspace-services/api/handlers/linked-accounts.go:38.83,40.54 1 0
github.com/EO-DataHub/eodhp-workspace-services/api/handlers/linked-accounts.go:40.54,43.38 1 0
github.com/EO-DataHub/eodhp-workspace-services/api/handlers/linked-accounts.go:43.38,45.4 1 0
github.com/EO-DataHub/eodhp-workspace-services/api/handlers/linked-accounts.go:47.3,47.43 1 0
github.com/EO-DataHub/eodhp-workspace-services/api/handlers/linked-accounts.go:52.77,54.54 1 0
github.com/EO-DataHub/eodhp-workspace-services/api/handlers/linked-accounts.go:54.54,57.38 1 0
github.com/EO-DataHub/eodhp-workspace-services/api/handlers/linked-accounts.go:57.38,59.4 1 0
github.com/EO-DataHub/eodhp-workspace-services/api/handlers/linked-accounts.go:61.3,61.30 1 0
github.com/EO-DataHub/eodhp-workspace-services/api/handlers/linked-accounts.go:66.79,68.54 1 0
github.com/EO-DataHub/eodhp-workspace-services/api/handlers/linked-accounts.go:68.54,71.38 1 0
github.com/EO-DataHub/eodhp-workspace-services/api/handlers/linked-accounts.go:71.38,73.4 1 0
github.com/EO-DataHub/eodhp-workspace-services/api/handlers/linked-accounts.go:75.3,75.39 1 0
github.com/EO-DataHub/eodhp-workspace-services/api/handlers/linked-accounts.go:80.87,82.54 1 0
github.com/EO-DataHub/eodhp-workspace-services/api/handlers/linked-accounts.go:82.54,85.3 1 0
github.com/EO-DataHub/eodhp-workspace-services/api/handlers/linked-accounts.go:89.87,91.54 1 0
github.com/EO-DataHub/eodhp-workspace-services/api/handlers/linked-accounts.go:91.54,94.3 1 0
github.com/EO-DataHub/eodhp-workspace-services/api/handlers/s3.go:27.129,36.9 6 1
github.com/EO-DataHub/eodhp-workspace-services/api/handlers/s3.go:36.9,40.3 3 0
github.com/EO-DataHub/eodhp-workspace-services/api/handlers/s3.go:42.2,45.9 3 1
github.com/EO-DataHub/eodhp-workspace-services/api/handlers/s3.go:45.9,49.3 3 0
github.com/EO-DataHub/eodhp-workspace-services/api/handlers/s3.go:51.2,53.20 2 1
github.com/EO-DataHub/eodhp-workspace-services/api/handlers/s3.go:53.20,55.3 1 0
github.com/EO-DataHub/eodhp-workspace-services/api/handlers/s3.go:57.2,57.56 1 1
github.com/EO-DataHub/eodhp-workspace-services/api/handlers/s3.go:57.56,61.17 3 1
github.com/EO-DataHub/eodhp-workspace-services/api/handlers/s3.go:61.17,64.4 2 0
github.com/EO-DataHub/eodhp-workspace-services/api/handlers/s3.go:65.3,65.32 1 1
github.com/EO-DataHub/eodhp-workspace-services/api/handlers/s3.go:68.2,73.16 2 1
github.com/EO-DataHub/eodhp-workspace-services/api/handlers/s3.go:73.16,76.3 2 0
github.com/EO-DataHub/eodhp-workspace-services/api/handlers/s3.go:78.2,83.8 1 1
github.com/EO-DataHub/eodhp-workspace-services/api/handlers/s3.go:98.107,99.54 1 1
github.com/EO-DataHub/eodhp-workspace-services/api/handlers/s3.go:99.54,103.17 3 1
github.com/EO-DataHub/eodhp-workspace-services/api/handlers/s3.go:103.17,105.52 2 0
github.com/EO-DataHub/eodhp-workspace-services/api/handlers/s3.go:105.52,107.5 1 0
github.com/EO-DataHub/eodhp-workspace-services/api/handlers/s3.go:107.10,109.5 1 0
github.com/EO-DataHub/eodhp-workspace-services/api/handlers/s3.go:110.4,111.10 2 0
github.com/EO-DataHub/eodhp-workspace-services/api/handlers/s3.go:114.3,115.58 2 1
github.com/EO-DataHub/eodhp-workspace-services/api/handlers/s3.go:115.58,119.4 3 0
github.com/EO-DataHub/eodhp-workspace-services/api/handlers/s3.go:120.3,120.48 1 1
github.com/EO-DataHub/eodhp-workspace-services/api/handlers/s3.go:125.22,128.2 1 1
github.com/EO-DataHub/eodhp-workspace-services/api/handlers/sessions.go:29.65,30.71 1 1
github.com/EO-DataHub/eodhp-workspace-services/api/handlers/sessions.go:30.71,39.10 6 1
github.com/EO-DataHub/eodhp-workspace-services/api/handlers/sessions.go:39.10,44.4 4 0
github.com/EO-DataHub/eodhp-workspace-services/api/handlers/sessions.go:46.3,49.10 3 1
github.com/EO-DataHub/eodhp-workspace-services/api/handlers/sessions.go:49.10,54.4 4 0
github.com/EO-DataHub/eodhp-workspace-services/api/handlers/sessions.go:56.3,59.50 2 1
github.com/EO-DataHub/eodhp-workspace-services/api/handlers/sessions.go:59.50,63.4 3 1
github.com/EO-DataHub/eodhp-workspace-services/api/handlers/sessions.go:65.3,66.17 2 1
github.com/EO-DataHub/eodhp-workspace-services/api/handlers/sessions.go:66.17,68.48 2 1
github.com/EO-DataHub/eodhp-workspace-services/api/handlers/sessions.go:68.48,70.5 1 1
github.com/EO-DataHub/eodhp-workspace-services/api/handlers/sessions.go:70.10,72.5 1 0
github.com/EO-DataHub/eodhp-workspace-services/api/handlers/sessions.go:73.4,75.10 3 1
github.com/EO-DataHub/eodhp-workspace-services/api/handlers/sessions.go:78.3,90.61 4 1
github.com/EO-DataHub/eodhp-workspace-services/api/handlers/sessions.go:90.61,94.4 3 0
github.com/EO-DataHub/eodhp-workspace-services/api/handlers/workspace.go:16.71,18.54 1 0
github.com/EO-DataHub/eodhp-workspace-services/api/handlers/workspace.go:18.54,21.38 1 0
github.com/EO-DataHub/eodhp-workspace-services/api/handlers/workspace.go:21.38,23.4 1 0
github.com/EO-DataHub/eodhp-workspace-services/api/handlers/workspace.go:25.3,25.35 1 0
github.com/EO-DataHub/eodhp-workspace-services/api/handlers/workspace.go:38.69,40.54 1 0
github.com/EO-DataHub/eodhp-workspace-services/api/handlers/workspace.go:40.54,43.38 1 0
github.com/EO-DataHub/eodhp-workspace-services/api/handlers/workspace.go:43.38,45.4 1 0
github.com/EO-DataHub/eodhp-workspace-services/api/handlers/workspace.go:47.3,47.33 1 0
github.com/EO-DataHub/eodhp-workspace-services/api/handlers/workspace.go:62.68,64.54 1 0
github.com/EO-DataHub/eodhp-workspace-services/api/handlers/workspace.go:64.54,67.38 1 0
github.com/EO-DataHub/eodhp-workspace-services/api/handlers/workspace.go:67.38,69.4 1 0
github.com/EO-DataHub/eodhp-workspace-services/api/handlers/workspace.go:71.3,71.32 1 0
github.com/EO-DataHub/eodhp-workspace-services/api/handlers/workspace.go:76.71,78.54 1 0
github.com/EO-DataHub/eodhp-workspace-services/api/handlers/workspace.go:78.54,81.38 1 0
github.com/EO-DataHub/eodhp-workspace-services/api/handlers/workspace.go:81.38,83.4 1 0
github.com/EO-DataHub/eodhp-workspace-services/api/handlers/workspace.go:85.3,85.35 1 0
github.com/EO-DataHub/eodhp-workspace-services/api/handlers/workspace.go:91.71,93.54 1 0
github.com/EO-DataHub/eodhp-workspace-services/api/handlers/workspace.go:93.54,100.3 3 0
github.com/EO-DataHub/eodhp-workspace-services/api/handlers/workspace.go:105.70,107.54 1 0
github.com/EO-DataHub/eodhp-workspace-services/api/handlers/workspace.go:107.54,114.3 3 0
github.com/EO-DataHub/eodhp-workspace-services/api/handlers/workspace.go:128.64,130.54 1 0
github.com/EO-DataHub/eodhp-workspace-services/api/handlers/workspace.go:130.54,133.38 1 0
github.com/EO-DataHub/eodhp-workspace-services/api/handlers/workspace.go:133.38,135.4 1 0
github.com/EO-DataHub/eodhp-workspace-services/api/handlers/workspace.go:137.3,137.28 1 0
github.com/EO-DataHub/eodhp-workspace-services/api/handlers/workspace.go:154.63,156.54 1 0
github.com/EO-DataHub/eodhp-workspace-services/api/handlers/workspace.go:156.54,159.38 1 0
github.com/EO-DataHub/eodhp-workspace-services/api/handlers/workspace.go:159.38,161.4 1 0
github.com/EO-DataHub/eodhp-workspace-services/api/handlers/workspace.go:163.3,163.27 1 0
github.com/EO-DataHub/eodhp-workspace-services/api/handlers/workspace.go:180.63,182.54 1 0
github.com/EO-DataHub/eodhp-workspace-services/api/handlers/workspace.go:182.54,185.38 1 0
github.com/EO-DataHub/eodhp-workspace-services/api/handlers/workspace.go:185.38,187.4 1 0
github.com/EO-DataHub/eodhp-workspace-services/api/handlers/workspace.go:189.3,189.27 1 0
github.com/EO-DataHub/eodhp-workspace-services/api/handlers/workspace.go:206.66,208.54 1 0
github.com/EO-DataHub/eodhp-workspace-services/api/handlers/workspace.go:208.54,211.38 1 0
github.com/EO-DataHub/eodhp-workspace-services/api/handlers/workspace.go:211.38,213.4 1 0
github.com/EO-DataHub/eodhp-workspace-services/api/handlers/workspace.go:215.3,215.30 1 0
